<?xml version="1.0" encoding="UTF-8"?>
<coverage generated="1559713429173" clover="3.2.0">
  <project timestamp="1559713429173" name="All files">
    <metrics statements="146" coveredstatements="146" conditionals="85" coveredconditionals="85" methods="39" coveredmethods="39" elements="270" coveredelements="270" complexity="0" loc="146" ncloc="146" packages="2" files="11" classes="11"/>
    <package name="src">
      <metrics statements="11" coveredstatements="11" conditionals="8" coveredconditionals="8" methods="5" coveredmethods="5"/>
      <file name="helpers.js" path="/Users/cagataycali/Desktop/case/src/helpers.js">
        <metrics statements="11" coveredstatements="11" conditionals="8" coveredconditionals="8" methods="5" coveredmethods="5"/>
        <line num="12" count="9" type="stmt"/>
        <line num="13" count="40" type="stmt"/>
        <line num="27" count="9" type="stmt"/>
        <line num="28" count="12" type="cond" truecount="2" falsecount="0"/>
        <line num="35" count="9" type="stmt"/>
        <line num="36" count="107" type="cond" truecount="2" falsecount="0"/>
        <line num="43" count="9" type="stmt"/>
        <line num="44" count="52" type="cond" truecount="2" falsecount="0"/>
        <line num="50" count="9" type="stmt"/>
        <line num="51" count="50" type="cond" truecount="2" falsecount="0"/>
        <line num="54" count="9" type="stmt"/>
      </file>
      <file name="index.js" path="/Users/cagataycali/Desktop/case/src/index.js">
        <metrics statements="0" coveredstatements="0" conditionals="0" coveredconditionals="0" methods="0" coveredmethods="0"/>
      </file>
    </package>
    <package name="src.models">
      <metrics statements="135" coveredstatements="135" conditionals="77" coveredconditionals="77" methods="34" coveredmethods="34"/>
      <file name="Campaign.js" path="/Users/cagataycali/Desktop/case/src/models/Campaign.js">
        <metrics statements="10" coveredstatements="10" conditionals="11" coveredconditionals="11" methods="2" coveredmethods="2"/>
        <line num="24" count="16" type="stmt"/>
        <line num="25" count="16" type="cond" truecount="4" falsecount="0"/>
        <line num="26" count="2" type="stmt"/>
        <line num="29" count="14" type="cond" truecount="4" falsecount="0"/>
        <line num="33" count="14" type="stmt"/>
        <line num="34" count="14" type="stmt"/>
        <line num="42" count="37" type="cond" truecount="2" falsecount="0"/>
        <line num="43" count="1" type="stmt"/>
        <line num="44" count="1" type="stmt"/>
        <line num="55" count="36" type="stmt"/>
      </file>
      <file name="Cart.js" path="/Users/cagataycali/Desktop/case/src/models/Cart.js">
        <metrics statements="58" coveredstatements="58" conditionals="27" coveredconditionals="27" methods="15" coveredmethods="15"/>
        <line num="16" count="20" type="stmt"/>
        <line num="17" count="20" type="stmt"/>
        <line num="18" count="20" type="stmt"/>
        <line num="19" count="20" type="stmt"/>
        <line num="20" count="20" type="stmt"/>
        <line num="38" count="27" type="stmt"/>
        <line num="40" count="27" type="cond" truecount="2" falsecount="0"/>
        <line num="41" count="24" type="stmt"/>
        <line num="42" count="3" type="cond" truecount="4" falsecount="0"/>
        <line num="43" count="1" type="stmt"/>
        <line num="44" count="1" type="stmt"/>
        <line num="46" count="2" type="stmt"/>
        <line num="61" count="1" type="stmt"/>
        <line num="63" count="1" type="stmt"/>
        <line num="72" count="13" type="stmt"/>
        <line num="74" count="13" type="stmt"/>
        <line num="78" count="20" type="stmt"/>
        <line num="81" count="58" type="stmt"/>
        <line num="84" count="58" type="cond" truecount="2" falsecount="0"/>
        <line num="85" count="38" type="stmt"/>
        <line num="88" count="20" type="stmt"/>
        <line num="91" count="13" type="stmt"/>
        <line num="111" count="11" type="stmt"/>
        <line num="112" count="11" type="cond" truecount="2" falsecount="0"/>
        <line num="113" count="1" type="stmt"/>
        <line num="116" count="10" type="cond" truecount="2" falsecount="0"/>
        <line num="117" count="1" type="stmt"/>
        <line num="121" count="9" type="stmt"/>
        <line num="123" count="9" type="stmt"/>
        <line num="124" count="12" type="stmt"/>
        <line num="125" count="12" type="stmt"/>
        <line num="126" count="12" type="stmt"/>
        <line num="133" count="12" type="stmt"/>
        <line num="135" count="51" type="stmt"/>
        <line num="137" count="34" type="stmt"/>
        <line num="138" count="34" type="cond" truecount="4" falsecount="0"/>
        <line num="140" count="13" type="stmt"/>
        <line num="143" count="13" type="cond" truecount="2" falsecount="0"/>
        <line num="144" count="9" type="stmt"/>
        <line num="145" count="9" type="stmt"/>
        <line num="146" count="9" type="stmt"/>
        <line num="150" count="34" type="cond" truecount="2" falsecount="0"/>
        <line num="151" count="22" type="stmt"/>
        <line num="155" count="12" type="stmt"/>
        <line num="157" count="12" type="stmt"/>
        <line num="158" count="12" type="stmt"/>
        <line num="159" count="12" type="stmt"/>
        <line num="160" count="12" type="stmt"/>
        <line num="178" count="5" type="stmt"/>
        <line num="180" count="5" type="cond" truecount="2" falsecount="0"/>
        <line num="181" count="1" type="stmt"/>
        <line num="183" count="4" type="cond" truecount="2" falsecount="0"/>
        <line num="184" count="3" type="stmt"/>
        <line num="185" count="3" type="stmt"/>
        <line num="186" count="3" type="stmt"/>
        <line num="188" count="1" type="stmt"/>
        <line num="189" count="1" type="stmt"/>
        <line num="199" count="2" type="stmt"/>
      </file>
      <file name="CartHelper.js" path="/Users/cagataycali/Desktop/case/src/models/CartHelper.js">
        <metrics statements="16" coveredstatements="16" conditionals="2" coveredconditionals="2" methods="8" coveredmethods="8"/>
        <line num="13" count="20" type="stmt"/>
        <line num="14" count="20" type="stmt"/>
        <line num="15" count="20" type="stmt"/>
        <line num="16" count="20" type="stmt"/>
        <line num="26" count="1" type="stmt"/>
        <line num="27" count="1" type="stmt"/>
        <line num="28" count="1" type="stmt"/>
        <line num="38" count="7" type="stmt"/>
        <line num="39" count="10" type="stmt"/>
        <line num="40" count="7" type="stmt"/>
        <line num="44" count="1" type="stmt"/>
        <line num="51" count="2" type="stmt"/>
        <line num="52" count="2" type="stmt"/>
        <line num="53" count="3" type="stmt"/>
        <line num="54" count="3" type="cond" truecount="2" falsecount="0"/>
        <line num="56" count="2" type="stmt"/>
      </file>
      <file name="CartProduct.js" path="/Users/cagataycali/Desktop/case/src/models/CartProduct.js">
        <metrics statements="19" coveredstatements="19" conditionals="13" coveredconditionals="13" methods="3" coveredmethods="3"/>
        <line num="14" count="31" type="cond" truecount="4" falsecount="0"/>
        <line num="15" count="2" type="stmt"/>
        <line num="17" count="29" type="stmt"/>
        <line num="19" count="29" type="cond" truecount="2" falsecount="0"/>
        <line num="20" count="1" type="stmt"/>
        <line num="22" count="28" type="cond" truecount="2" falsecount="0"/>
        <line num="23" count="1" type="stmt"/>
        <line num="24" count="1" type="stmt"/>
        <line num="27" count="27" type="stmt"/>
        <line num="28" count="27" type="stmt"/>
        <line num="29" count="27" type="stmt"/>
        <line num="30" count="27" type="stmt"/>
        <line num="39" count="4" type="cond" truecount="2" falsecount="0"/>
        <line num="40" count="1" type="stmt"/>
        <line num="43" count="3" type="stmt"/>
        <line num="44" count="3" type="stmt"/>
        <line num="45" count="3" type="cond" truecount="2" falsecount="0"/>
        <line num="46" count="1" type="stmt"/>
        <line num="54" count="7" type="stmt"/>
      </file>
      <file name="Category.js" path="/Users/cagataycali/Desktop/case/src/models/Category.js">
        <metrics statements="5" coveredstatements="5" conditionals="3" coveredconditionals="3" methods="1" coveredmethods="1"/>
        <line num="21" count="49" type="cond" truecount="2" falsecount="0"/>
        <line num="22" count="5" type="stmt"/>
        <line num="25" count="44" type="stmt"/>
        <line num="26" count="44" type="stmt"/>
        <line num="27" count="44" type="stmt"/>
      </file>
      <file name="Coupon.js" path="/Users/cagataycali/Desktop/case/src/models/Coupon.js">
        <metrics statements="12" coveredstatements="12" conditionals="10" coveredconditionals="10" methods="2" coveredmethods="2"/>
        <line num="21" count="8" type="cond" truecount="4" falsecount="0"/>
        <line num="22" count="2" type="stmt"/>
        <line num="25" count="6" type="cond" truecount="4" falsecount="0"/>
        <line num="26" count="1" type="stmt"/>
        <line num="28" count="6" type="stmt"/>
        <line num="29" count="6" type="stmt"/>
        <line num="30" count="6" type="stmt"/>
        <line num="31" count="6" type="stmt"/>
        <line num="39" count="7" type="cond" truecount="2" falsecount="0"/>
        <line num="40" count="1" type="stmt"/>
        <line num="41" count="1" type="stmt"/>
        <line num="43" count="6" type="stmt"/>
      </file>
      <file name="Delivery.js" path="/Users/cagataycali/Desktop/case/src/models/Delivery.js">
        <metrics statements="6" coveredstatements="6" conditionals="5" coveredconditionals="5" methods="2" coveredmethods="2"/>
        <line num="12" count="2" type="stmt"/>
        <line num="13" count="2" type="stmt"/>
        <line num="14" count="2" type="stmt"/>
        <line num="23" count="2" type="cond" truecount="2" falsecount="0"/>
        <line num="24" count="1" type="stmt"/>
        <line num="26" count="1" type="stmt"/>
      </file>
      <file name="Product.js" path="/Users/cagataycali/Desktop/case/src/models/Product.js">
        <metrics statements="9" coveredstatements="9" conditionals="6" coveredconditionals="6" methods="1" coveredmethods="1"/>
        <line num="18" count="54" type="stmt"/>
        <line num="19" count="54" type="stmt"/>
        <line num="20" count="54" type="stmt"/>
        <line num="21" count="54" type="cond" truecount="2" falsecount="0"/>
        <line num="22" count="5" type="stmt"/>
        <line num="24" count="49" type="cond" truecount="2" falsecount="0"/>
        <line num="25" count="2" type="stmt"/>
        <line num="27" count="47" type="cond" truecount="2" falsecount="0"/>
        <line num="28" count="1" type="stmt"/>
      </file>
      <file name="index.js" path="/Users/cagataycali/Desktop/case/src/models/index.js">
        <metrics statements="0" coveredstatements="0" conditionals="0" coveredconditionals="0" methods="0" coveredmethods="0"/>
      </file>
    </package>
  </project>
</coverage>
