<?xml version="1.0" encoding="UTF-8"?>
<coverage generated="1559628927788" clover="3.2.0">
  <project timestamp="1559628927788" name="All files">
    <metrics statements="115" coveredstatements="115" conditionals="59" coveredconditionals="59" methods="34" coveredmethods="34" elements="208" coveredelements="208" complexity="0" loc="115" ncloc="115" packages="2" files="11" classes="11"/>
    <package name="src">
      <metrics statements="3" coveredstatements="3" conditionals="2" coveredconditionals="2" methods="2" coveredmethods="2"/>
      <file name="helpers.js" path="/Users/cagataycali/Desktop/case/src/helpers.js">
        <metrics statements="3" coveredstatements="3" conditionals="2" coveredconditionals="2" methods="2" coveredmethods="2"/>
        <line num="12" count="22" type="stmt"/>
        <line num="26" count="9" type="cond" truecount="2" falsecount="0"/>
        <line num="29" count="9" type="stmt"/>
      </file>
      <file name="index.js" path="/Users/cagataycali/Desktop/case/src/index.js">
        <metrics statements="0" coveredstatements="0" conditionals="0" coveredconditionals="0" methods="0" coveredmethods="0"/>
      </file>
    </package>
    <package name="src.models">
      <metrics statements="112" coveredstatements="112" conditionals="57" coveredconditionals="57" methods="32" coveredmethods="32"/>
      <file name="Campaign.js" path="/Users/cagataycali/Desktop/case/src/models/Campaign.js">
        <metrics statements="8" coveredstatements="8" conditionals="5" coveredconditionals="5" methods="2" coveredmethods="2"/>
        <line num="24" count="18" type="stmt"/>
        <line num="25" count="18" type="stmt"/>
        <line num="26" count="18" type="stmt"/>
        <line num="27" count="18" type="stmt"/>
        <line num="35" count="18" type="cond" truecount="4" falsecount="0"/>
        <line num="36" count="1" type="stmt"/>
        <line num="37" count="1" type="stmt"/>
        <line num="39" count="17" type="stmt"/>
      </file>
      <file name="Cart.js" path="/Users/cagataycali/Desktop/case/src/models/Cart.js">
        <metrics statements="51" coveredstatements="51" conditionals="29" coveredconditionals="29" methods="12" coveredmethods="12"/>
        <line num="14" count="24" type="stmt"/>
        <line num="15" count="24" type="stmt"/>
        <line num="16" count="24" type="stmt"/>
        <line num="17" count="24" type="stmt"/>
        <line num="27" count="33" type="stmt"/>
        <line num="29" count="33" type="cond" truecount="2" falsecount="0"/>
        <line num="30" count="28" type="stmt"/>
        <line num="32" count="5" type="stmt"/>
        <line num="42" count="3" type="cond" truecount="2" falsecount="0"/>
        <line num="43" count="1" type="stmt"/>
        <line num="45" count="3" type="stmt"/>
        <line num="47" count="4" type="stmt"/>
        <line num="57" count="9" type="stmt"/>
        <line num="58" count="9" type="cond" truecount="2" falsecount="0"/>
        <line num="59" count="1" type="stmt"/>
        <line num="62" count="8" type="cond" truecount="2" falsecount="0"/>
        <line num="63" count="1" type="stmt"/>
        <line num="70" count="7" type="stmt"/>
        <line num="71" count="7" type="stmt"/>
        <line num="72" count="10" type="stmt"/>
        <line num="74" count="17" type="stmt"/>
        <line num="77" count="17" type="cond" truecount="2" falsecount="0"/>
        <line num="78" count="7" type="stmt"/>
        <line num="81" count="10" type="stmt"/>
        <line num="84" count="7" type="stmt"/>
        <line num="85" count="10" type="stmt"/>
        <line num="86" count="10" type="stmt"/>
        <line num="87" count="10" type="stmt"/>
        <line num="94" count="10" type="stmt"/>
        <line num="96" count="20" type="stmt"/>
        <line num="98" count="17" type="stmt"/>
        <line num="99" count="17" type="cond" truecount="4" falsecount="0"/>
        <line num="101" count="8" type="cond" truecount="2" falsecount="0"/>
        <line num="103" count="8" type="cond" truecount="2" falsecount="0"/>
        <line num="104" count="7" type="stmt"/>
        <line num="105" count="7" type="stmt"/>
        <line num="106" count="7" type="stmt"/>
        <line num="110" count="16" type="cond" truecount="2" falsecount="0"/>
        <line num="111" count="7" type="stmt"/>
        <line num="115" count="10" type="stmt"/>
        <line num="117" count="9" type="stmt"/>
        <line num="118" count="9" type="stmt"/>
        <line num="119" count="9" type="stmt"/>
        <line num="120" count="9" type="stmt"/>
        <line num="129" count="3" type="cond" truecount="2" falsecount="0"/>
        <line num="131" count="3" type="cond" truecount="2" falsecount="0"/>
        <line num="132" count="1" type="stmt"/>
        <line num="134" count="2" type="cond" truecount="2" falsecount="0"/>
        <line num="135" count="1" type="stmt"/>
        <line num="136" count="1" type="stmt"/>
        <line num="138" count="1" type="stmt"/>
      </file>
      <file name="CartHelper.js" path="/Users/cagataycali/Desktop/case/src/models/CartHelper.js">
        <metrics statements="16" coveredstatements="16" conditionals="2" coveredconditionals="2" methods="9" coveredmethods="9"/>
        <line num="13" count="24" type="stmt"/>
        <line num="14" count="24" type="stmt"/>
        <line num="15" count="24" type="stmt"/>
        <line num="16" count="24" type="stmt"/>
        <line num="23" count="5" type="stmt"/>
        <line num="24" count="5" type="stmt"/>
        <line num="25" count="5" type="stmt"/>
        <line num="32" count="4" type="stmt"/>
        <line num="33" count="4" type="stmt"/>
        <line num="34" count="4" type="stmt"/>
        <line num="41" count="2" type="stmt"/>
        <line num="42" count="2" type="stmt"/>
        <line num="43" count="3" type="stmt"/>
        <line num="44" count="3" type="cond" truecount="2" falsecount="0"/>
        <line num="46" count="2" type="stmt"/>
        <line num="55" count="1" type="stmt"/>
      </file>
      <file name="CartProduct.js" path="/Users/cagataycali/Desktop/case/src/models/CartProduct.js">
        <metrics statements="18" coveredstatements="18" conditionals="11" coveredconditionals="11" methods="3" coveredmethods="3"/>
        <line num="14" count="35" type="cond" truecount="2" falsecount="0"/>
        <line num="15" count="1" type="stmt"/>
        <line num="17" count="34" type="stmt"/>
        <line num="18" count="34" type="cond" truecount="2" falsecount="0"/>
        <line num="19" count="1" type="stmt"/>
        <line num="21" count="33" type="cond" truecount="2" falsecount="0"/>
        <line num="22" count="1" type="stmt"/>
        <line num="23" count="1" type="stmt"/>
        <line num="26" count="32" type="stmt"/>
        <line num="27" count="32" type="stmt"/>
        <line num="28" count="32" type="stmt"/>
        <line num="37" count="5" type="cond" truecount="2" falsecount="0"/>
        <line num="38" count="1" type="stmt"/>
        <line num="41" count="4" type="stmt"/>
        <line num="42" count="4" type="stmt"/>
        <line num="43" count="4" type="cond" truecount="2" falsecount="0"/>
        <line num="44" count="1" type="stmt"/>
        <line num="52" count="5" type="stmt"/>
      </file>
      <file name="Category.js" path="/Users/cagataycali/Desktop/case/src/models/Category.js">
        <metrics statements="3" coveredstatements="3" conditionals="2" coveredconditionals="2" methods="1" coveredmethods="1"/>
        <line num="19" count="79" type="stmt"/>
        <line num="20" count="79" type="stmt"/>
        <line num="21" count="79" type="stmt"/>
      </file>
      <file name="Coupon.js" path="/Users/cagataycali/Desktop/case/src/models/Coupon.js">
        <metrics statements="7" coveredstatements="7" conditionals="2" coveredconditionals="2" methods="2" coveredmethods="2"/>
        <line num="21" count="4" type="stmt"/>
        <line num="22" count="4" type="stmt"/>
        <line num="23" count="4" type="stmt"/>
        <line num="31" count="5" type="cond" truecount="2" falsecount="0"/>
        <line num="32" count="2" type="stmt"/>
        <line num="33" count="2" type="stmt"/>
        <line num="35" count="3" type="stmt"/>
      </file>
      <file name="Delivery.js" path="/Users/cagataycali/Desktop/case/src/models/Delivery.js">
        <metrics statements="6" coveredstatements="6" conditionals="5" coveredconditionals="5" methods="2" coveredmethods="2"/>
        <line num="12" count="2" type="stmt"/>
        <line num="13" count="2" type="stmt"/>
        <line num="14" count="2" type="stmt"/>
        <line num="22" count="2" type="cond" truecount="2" falsecount="0"/>
        <line num="23" count="1" type="stmt"/>
        <line num="25" count="1" type="stmt"/>
      </file>
      <file name="Product.js" path="/Users/cagataycali/Desktop/case/src/models/Product.js">
        <metrics statements="3" coveredstatements="3" conditionals="1" coveredconditionals="1" methods="1" coveredmethods="1"/>
        <line num="16" count="87" type="stmt"/>
        <line num="17" count="87" type="stmt"/>
        <line num="18" count="87" type="stmt"/>
      </file>
      <file name="index.js" path="/Users/cagataycali/Desktop/case/src/models/index.js">
        <metrics statements="0" coveredstatements="0" conditionals="0" coveredconditionals="0" methods="0" coveredmethods="0"/>
      </file>
    </package>
  </project>
</coverage>
