{"/Users/cagataycali/Desktop/case/src/helpers.js": {"path":"/Users/cagataycali/Desktop/case/src/helpers.js","statementMap":{"0":{"start":{"line":12,"column":13},"end":{"line":12,"column":81}},"1":{"start":{"line":12,"column":30},"end":{"line":12,"column":81}},"2":{"start":{"line":26,"column":15},"end":{"line":26,"column":108}},"3":{"start":{"line":26,"column":34},"end":{"line":26,"column":108}},"4":{"start":{"line":29,"column":16},"end":{"line":35,"column":1}}},"fnMap":{"0":{"name":"(anonymous_0)","decl":{"start":{"line":12,"column":13},"end":{"line":12,"column":14}},"loc":{"start":{"line":12,"column":30},"end":{"line":12,"column":81}},"line":12},"1":{"name":"(anonymous_1)","decl":{"start":{"line":26,"column":15},"end":{"line":26,"column":16}},"loc":{"start":{"line":26,"column":34},"end":{"line":26,"column":108}},"line":26}},"branchMap":{"0":{"loc":{"start":{"line":26,"column":52},"end":{"line":26,"column":103}},"type":"cond-expr","locations":[{"start":{"line":26,"column":79},"end":{"line":26,"column":84}},{"start":{"line":26,"column":87},"end":{"line":26,"column":103}}],"line":26}},"s":{"0":9,"1":28,"2":9,"3":10,"4":9},"f":{"0":28,"1":10},"b":{"0":[1,9]},"_coverageSchema":"43e27e138ebf9cfc5966b082cf9a028302ed4184","hash":"1fe18b04cb89680eca804d6910563075ab1a51ac"}
,"/Users/cagataycali/Desktop/case/src/models/Campaign.js": {"path":"/Users/cagataycali/Desktop/case/src/models/Campaign.js","statementMap":{"0":{"start":{"line":24,"column":4},"end":{"line":24,"column":28}},"1":{"start":{"line":25,"column":4},"end":{"line":27,"column":5}},"2":{"start":{"line":26,"column":6},"end":{"line":26,"column":52}},"3":{"start":{"line":29,"column":4},"end":{"line":29,"column":61}},"4":{"start":{"line":30,"column":4},"end":{"line":32,"column":5}},"5":{"start":{"line":31,"column":6},"end":{"line":31,"column":89}},"6":{"start":{"line":33,"column":4},"end":{"line":33,"column":30}},"7":{"start":{"line":34,"column":4},"end":{"line":34,"column":20}},"8":{"start":{"line":42,"column":4},"end":{"line":45,"column":5}},"9":{"start":{"line":43,"column":20},"end":{"line":43,"column":118}},"10":{"start":{"line":44,"column":6},"end":{"line":44,"column":28}},"11":{"start":{"line":47,"column":4},"end":{"line":47,"column":57}}},"fnMap":{"0":{"name":"(anonymous_0)","decl":{"start":{"line":23,"column":2},"end":{"line":23,"column":3}},"loc":{"start":{"line":23,"column":77},"end":{"line":35,"column":3}},"line":23},"1":{"name":"(anonymous_1)","decl":{"start":{"line":41,"column":2},"end":{"line":41,"column":3}},"loc":{"start":{"line":41,"column":16},"end":{"line":48,"column":3}},"line":41}},"branchMap":{"0":{"loc":{"start":{"line":23,"column":15},"end":{"line":23,"column":51}},"type":"default-arg","locations":[{"start":{"line":23,"column":26},"end":{"line":23,"column":51}}],"line":23},"1":{"loc":{"start":{"line":25,"column":4},"end":{"line":27,"column":5}},"type":"if","locations":[{"start":{"line":25,"column":4},"end":{"line":27,"column":5}},{"start":{"line":25,"column":4},"end":{"line":27,"column":5}}],"line":25},"2":{"loc":{"start":{"line":29,"column":17},"end":{"line":29,"column":61}},"type":"cond-expr","locations":[{"start":{"line":29,"column":50},"end":{"line":29,"column":53}},{"start":{"line":29,"column":56},"end":{"line":29,"column":61}}],"line":29},"3":{"loc":{"start":{"line":29,"column":17},"end":{"line":29,"column":47}},"type":"binary-expr","locations":[{"start":{"line":29,"column":17},"end":{"line":29,"column":32}},{"start":{"line":29,"column":36},"end":{"line":29,"column":47}}],"line":29},"4":{"loc":{"start":{"line":30,"column":4},"end":{"line":32,"column":5}},"type":"if","locations":[{"start":{"line":30,"column":4},"end":{"line":32,"column":5}},{"start":{"line":30,"column":4},"end":{"line":32,"column":5}}],"line":30},"5":{"loc":{"start":{"line":30,"column":8},"end":{"line":30,"column":46}},"type":"binary-expr","locations":[{"start":{"line":30,"column":8},"end":{"line":30,"column":25}},{"start":{"line":30,"column":29},"end":{"line":30,"column":46}}],"line":30},"6":{"loc":{"start":{"line":42,"column":4},"end":{"line":45,"column":5}},"type":"if","locations":[{"start":{"line":42,"column":4},"end":{"line":45,"column":5}},{"start":{"line":42,"column":4},"end":{"line":45,"column":5}}],"line":42},"7":{"loc":{"start":{"line":42,"column":8},"end":{"line":42,"column":56}},"type":"binary-expr","locations":[{"start":{"line":42,"column":8},"end":{"line":42,"column":30}},{"start":{"line":42,"column":34},"end":{"line":42,"column":56}}],"line":42}},"s":{"0":31,"1":31,"2":2,"3":29,"4":29,"5":1,"6":28,"7":28,"8":28,"9":2,"10":2,"11":26},"f":{"0":31,"1":28},"b":{"0":[1],"1":[2,29],"2":[1,28],"3":[29,21],"4":[1,28],"5":[29,7],"6":[2,26],"7":[28,7]},"_coverageSchema":"43e27e138ebf9cfc5966b082cf9a028302ed4184","hash":"79f361f845d8bc1c88d06945dc12cc6043e564a1"}
,"/Users/cagataycali/Desktop/case/src/models/Cart.js": {"path":"/Users/cagataycali/Desktop/case/src/models/Cart.js","statementMap":{"0":{"start":{"line":16,"column":4},"end":{"line":16,"column":19}},"1":{"start":{"line":17,"column":4},"end":{"line":17,"column":35}},"2":{"start":{"line":18,"column":4},"end":{"line":18,"column":27}},"3":{"start":{"line":19,"column":4},"end":{"line":19,"column":29}},"4":{"start":{"line":37,"column":24},"end":{"line":37,"column":90}},"5":{"start":{"line":37,"column":58},"end":{"line":37,"column":89}},"6":{"start":{"line":39,"column":4},"end":{"line":46,"column":5}},"7":{"start":{"line":40,"column":6},"end":{"line":40,"column":60}},"8":{"start":{"line":41,"column":11},"end":{"line":46,"column":5}},"9":{"start":{"line":42,"column":6},"end":{"line":42,"column":34}},"10":{"start":{"line":43,"column":6},"end":{"line":43,"column":56}},"11":{"start":{"line":45,"column":6},"end":{"line":45,"column":38}},"12":{"start":{"line":60,"column":4},"end":{"line":62,"column":5}},"13":{"start":{"line":61,"column":6},"end":{"line":61,"column":31}},"14":{"start":{"line":63,"column":4},"end":{"line":65,"column":31}},"15":{"start":{"line":65,"column":10},"end":{"line":65,"column":30}},"16":{"start":{"line":74,"column":23},"end":{"line":74,"column":32}},"17":{"start":{"line":76,"column":4},"end":{"line":91,"column":6}},"18":{"start":{"line":80,"column":10},"end":{"line":80,"column":21}},"19":{"start":{"line":83,"column":8},"end":{"line":85,"column":9}},"20":{"start":{"line":86,"column":8},"end":{"line":88,"column":9}},"21":{"start":{"line":87,"column":10},"end":{"line":87,"column":37}},"22":{"start":{"line":90,"column":6},"end":{"line":90,"column":34}},"23":{"start":{"line":93,"column":4},"end":{"line":93,"column":21}},"24":{"start":{"line":113,"column":4},"end":{"line":113,"column":30}},"25":{"start":{"line":114,"column":4},"end":{"line":116,"column":5}},"26":{"start":{"line":115,"column":6},"end":{"line":115,"column":45}},"27":{"start":{"line":118,"column":4},"end":{"line":120,"column":5}},"28":{"start":{"line":119,"column":6},"end":{"line":119,"column":72}},"29":{"start":{"line":123,"column":23},"end":{"line":123,"column":47}},"30":{"start":{"line":125,"column":4},"end":{"line":162,"column":6}},"31":{"start":{"line":126,"column":22},"end":{"line":126,"column":41}},"32":{"start":{"line":127,"column":18},"end":{"line":127,"column":35}},"33":{"start":{"line":128,"column":16},"end":{"line":128,"column":33}},"34":{"start":{"line":135,"column":31},"end":{"line":154,"column":7}},"35":{"start":{"line":137,"column":25},"end":{"line":137,"column":100}},"36":{"start":{"line":137,"column":57},"end":{"line":137,"column":99}},"37":{"start":{"line":139,"column":20},"end":{"line":139,"column":24}},"38":{"start":{"line":140,"column":8},"end":{"line":149,"column":9}},"39":{"start":{"line":142,"column":10},"end":{"line":142,"column":107}},"40":{"start":{"line":144,"column":10},"end":{"line":148,"column":11}},"41":{"start":{"line":145,"column":12},"end":{"line":145,"column":39}},"42":{"start":{"line":146,"column":12},"end":{"line":146,"column":39}},"43":{"start":{"line":147,"column":12},"end":{"line":147,"column":36}},"44":{"start":{"line":151,"column":8},"end":{"line":153,"column":9}},"45":{"start":{"line":152,"column":10},"end":{"line":152,"column":43}},"46":{"start":{"line":156,"column":6},"end":{"line":156,"column":40}},"47":{"start":{"line":158,"column":6},"end":{"line":158,"column":45}},"48":{"start":{"line":159,"column":6},"end":{"line":159,"column":42}},"49":{"start":{"line":160,"column":6},"end":{"line":160,"column":49}},"50":{"start":{"line":161,"column":6},"end":{"line":161,"column":66}},"51":{"start":{"line":179,"column":18},"end":{"line":179,"column":55}},"52":{"start":{"line":181,"column":4},"end":{"line":183,"column":5}},"53":{"start":{"line":182,"column":6},"end":{"line":182,"column":52}},"54":{"start":{"line":184,"column":4},"end":{"line":189,"column":5}},"55":{"start":{"line":185,"column":6},"end":{"line":185,"column":26}},"56":{"start":{"line":186,"column":6},"end":{"line":186,"column":55}},"57":{"start":{"line":188,"column":6},"end":{"line":188,"column":56}}},"fnMap":{"0":{"name":"(anonymous_0)","decl":{"start":{"line":15,"column":2},"end":{"line":15,"column":3}},"loc":{"start":{"line":15,"column":30},"end":{"line":20,"column":3}},"line":15},"1":{"name":"(anonymous_1)","decl":{"start":{"line":36,"column":2},"end":{"line":36,"column":3}},"loc":{"start":{"line":36,"column":30},"end":{"line":47,"column":3}},"line":36},"2":{"name":"(anonymous_2)","decl":{"start":{"line":37,"column":43},"end":{"line":37,"column":44}},"loc":{"start":{"line":37,"column":58},"end":{"line":37,"column":89}},"line":37},"3":{"name":"(anonymous_3)","decl":{"start":{"line":59,"column":2},"end":{"line":59,"column":3}},"loc":{"start":{"line":59,"column":23},"end":{"line":66,"column":3}},"line":59},"4":{"name":"(anonymous_4)","decl":{"start":{"line":63,"column":41},"end":{"line":63,"column":42}},"loc":{"start":{"line":65,"column":10},"end":{"line":65,"column":30}},"line":65},"5":{"name":"(anonymous_5)","decl":{"start":{"line":73,"column":2},"end":{"line":73,"column":3}},"loc":{"start":{"line":73,"column":23},"end":{"line":94,"column":3}},"line":73},"6":{"name":"(anonymous_6)","decl":{"start":{"line":76,"column":22},"end":{"line":76,"column":23}},"loc":{"start":{"line":76,"column":37},"end":{"line":91,"column":5}},"line":76},"7":{"name":"findParent","decl":{"start":{"line":82,"column":15},"end":{"line":82,"column":25}},"loc":{"start":{"line":82,"column":37},"end":{"line":89,"column":7}},"line":82},"8":{"name":"(anonymous_8)","decl":{"start":{"line":112,"column":2},"end":{"line":112,"column":3}},"loc":{"start":{"line":112,"column":32},"end":{"line":163,"column":3}},"line":112},"9":{"name":"(anonymous_9)","decl":{"start":{"line":125,"column":22},"end":{"line":125,"column":23}},"loc":{"start":{"line":125,"column":37},"end":{"line":162,"column":5}},"line":125},"10":{"name":"(anonymous_10)","decl":{"start":{"line":135,"column":31},"end":{"line":135,"column":32}},"loc":{"start":{"line":135,"column":43},"end":{"line":154,"column":7}},"line":135},"11":{"name":"(anonymous_11)","decl":{"start":{"line":137,"column":45},"end":{"line":137,"column":46}},"loc":{"start":{"line":137,"column":57},"end":{"line":137,"column":99}},"line":137},"12":{"name":"(anonymous_12)","decl":{"start":{"line":178,"column":2},"end":{"line":178,"column":3}},"loc":{"start":{"line":178,"column":23},"end":{"line":190,"column":3}},"line":178}},"branchMap":{"0":{"loc":{"start":{"line":15,"column":15},"end":{"line":15,"column":28}},"type":"default-arg","locations":[{"start":{"line":15,"column":26},"end":{"line":15,"column":28}}],"line":15},"1":{"loc":{"start":{"line":39,"column":4},"end":{"line":46,"column":5}},"type":"if","locations":[{"start":{"line":39,"column":4},"end":{"line":46,"column":5}},{"start":{"line":39,"column":4},"end":{"line":46,"column":5}}],"line":39},"2":{"loc":{"start":{"line":41,"column":11},"end":{"line":46,"column":5}},"type":"if","locations":[{"start":{"line":41,"column":11},"end":{"line":46,"column":5}},{"start":{"line":41,"column":11},"end":{"line":46,"column":5}}],"line":41},"3":{"loc":{"start":{"line":60,"column":4},"end":{"line":62,"column":5}},"type":"if","locations":[{"start":{"line":60,"column":4},"end":{"line":62,"column":5}},{"start":{"line":60,"column":4},"end":{"line":62,"column":5}}],"line":60},"4":{"loc":{"start":{"line":84,"column":11},"end":{"line":84,"column":60}},"type":"binary-expr","locations":[{"start":{"line":84,"column":12},"end":{"line":84,"column":46}},{"start":{"line":84,"column":51},"end":{"line":84,"column":60}}],"line":84},"5":{"loc":{"start":{"line":86,"column":8},"end":{"line":88,"column":9}},"type":"if","locations":[{"start":{"line":86,"column":8},"end":{"line":88,"column":9}},{"start":{"line":86,"column":8},"end":{"line":88,"column":9}}],"line":86},"6":{"loc":{"start":{"line":114,"column":4},"end":{"line":116,"column":5}},"type":"if","locations":[{"start":{"line":114,"column":4},"end":{"line":116,"column":5}},{"start":{"line":114,"column":4},"end":{"line":116,"column":5}}],"line":114},"7":{"loc":{"start":{"line":118,"column":4},"end":{"line":120,"column":5}},"type":"if","locations":[{"start":{"line":118,"column":4},"end":{"line":120,"column":5}},{"start":{"line":118,"column":4},"end":{"line":120,"column":5}}],"line":118},"8":{"loc":{"start":{"line":140,"column":8},"end":{"line":149,"column":9}},"type":"if","locations":[{"start":{"line":140,"column":8},"end":{"line":149,"column":9}},{"start":{"line":140,"column":8},"end":{"line":149,"column":9}}],"line":140},"9":{"loc":{"start":{"line":140,"column":12},"end":{"line":140,"column":53}},"type":"binary-expr","locations":[{"start":{"line":140,"column":12},"end":{"line":140,"column":20}},{"start":{"line":140,"column":25},"end":{"line":140,"column":52}}],"line":140},"10":{"loc":{"start":{"line":142,"column":19},"end":{"line":142,"column":84}},"type":"cond-expr","locations":[{"start":{"line":142,"column":46},"end":{"line":142,"column":76}},{"start":{"line":142,"column":79},"end":{"line":142,"column":84}}],"line":142},"11":{"loc":{"start":{"line":144,"column":10},"end":{"line":148,"column":11}},"type":"if","locations":[{"start":{"line":144,"column":10},"end":{"line":148,"column":11}},{"start":{"line":144,"column":10},"end":{"line":148,"column":11}}],"line":144},"12":{"loc":{"start":{"line":151,"column":8},"end":{"line":153,"column":9}},"type":"if","locations":[{"start":{"line":151,"column":8},"end":{"line":153,"column":9}},{"start":{"line":151,"column":8},"end":{"line":153,"column":9}}],"line":151},"13":{"loc":{"start":{"line":179,"column":18},"end":{"line":179,"column":55}},"type":"binary-expr","locations":[{"start":{"line":179,"column":18},"end":{"line":179,"column":41}},{"start":{"line":179,"column":45},"end":{"line":179,"column":55}}],"line":179},"14":{"loc":{"start":{"line":181,"column":4},"end":{"line":183,"column":5}},"type":"if","locations":[{"start":{"line":181,"column":4},"end":{"line":183,"column":5}},{"start":{"line":181,"column":4},"end":{"line":183,"column":5}}],"line":181},"15":{"loc":{"start":{"line":184,"column":4},"end":{"line":189,"column":5}},"type":"if","locations":[{"start":{"line":184,"column":4},"end":{"line":189,"column":5}},{"start":{"line":184,"column":4},"end":{"line":189,"column":5}}],"line":184}},"s":{"0":24,"1":24,"2":24,"3":24,"4":35,"5":18,"6":35,"7":29,"8":6,"9":1,"10":1,"11":5,"12":4,"13":2,"14":4,"15":5,"16":7,"17":7,"18":10,"19":17,"20":17,"21":7,"22":10,"23":7,"24":9,"25":9,"26":1,"27":8,"28":1,"29":7,"30":7,"31":10,"32":10,"33":10,"34":10,"35":17,"36":20,"37":17,"38":17,"39":8,"40":8,"41":7,"42":7,"43":7,"44":16,"45":7,"46":10,"47":9,"48":9,"49":9,"50":9,"51":3,"52":3,"53":1,"54":2,"55":1,"56":1,"57":1},"f":{"0":24,"1":35,"2":18,"3":4,"4":5,"5":7,"6":10,"7":17,"8":9,"9":10,"10":17,"11":20,"12":3},"b":{"0":[24],"1":[29,6],"2":[1,5],"3":[2,2],"4":[17,14],"5":[7,10],"6":[1,8],"7":[1,7],"8":[8,8],"9":[17,11],"10":[7,1],"11":[7,1],"12":[7,9],"13":[3,3],"14":[1,2],"15":[1,1]},"_coverageSchema":"43e27e138ebf9cfc5966b082cf9a028302ed4184","hash":"2c6f9f7bf3fce877d258576ec509f2cfded79ccc"}
,"/Users/cagataycali/Desktop/case/src/models/CartHelper.js": {"path":"/Users/cagataycali/Desktop/case/src/models/CartHelper.js","statementMap":{"0":{"start":{"line":13,"column":4},"end":{"line":13,"column":28}},"1":{"start":{"line":14,"column":4},"end":{"line":14,"column":25}},"2":{"start":{"line":15,"column":4},"end":{"line":15,"column":22}},"3":{"start":{"line":16,"column":4},"end":{"line":16,"column":27}},"4":{"start":{"line":26,"column":16},"end":{"line":26,"column":17}},"5":{"start":{"line":27,"column":4},"end":{"line":27,"column":66}},"6":{"start":{"line":27,"column":38},"end":{"line":27,"column":64}},"7":{"start":{"line":28,"column":4},"end":{"line":28,"column":16}},"8":{"start":{"line":38,"column":16},"end":{"line":38,"column":17}},"9":{"start":{"line":39,"column":4},"end":{"line":39,"column":79}},"10":{"start":{"line":39,"column":38},"end":{"line":39,"column":77}},"11":{"start":{"line":40,"column":4},"end":{"line":40,"column":16}},"12":{"start":{"line":47,"column":23},"end":{"line":47,"column":32}},"13":{"start":{"line":48,"column":4},"end":{"line":51,"column":6}},"14":{"start":{"line":49,"column":23},"end":{"line":49,"column":39}},"15":{"start":{"line":50,"column":6},"end":{"line":50,"column":79}},"16":{"start":{"line":52,"column":4},"end":{"line":52,"column":26}},"17":{"start":{"line":61,"column":4},"end":{"line":61,"column":71}},"18":{"start":{"line":61,"column":41},"end":{"line":61,"column":70}}},"fnMap":{"0":{"name":"(anonymous_0)","decl":{"start":{"line":12,"column":2},"end":{"line":12,"column":3}},"loc":{"start":{"line":12,"column":25},"end":{"line":17,"column":3}},"line":12},"1":{"name":"(anonymous_1)","decl":{"start":{"line":25,"column":2},"end":{"line":25,"column":3}},"loc":{"start":{"line":25,"column":15},"end":{"line":29,"column":3}},"line":25},"2":{"name":"(anonymous_2)","decl":{"start":{"line":27,"column":22},"end":{"line":27,"column":23}},"loc":{"start":{"line":27,"column":38},"end":{"line":27,"column":64}},"line":27},"3":{"name":"(anonymous_3)","decl":{"start":{"line":37,"column":2},"end":{"line":37,"column":3}},"loc":{"start":{"line":37,"column":28},"end":{"line":41,"column":3}},"line":37},"4":{"name":"(anonymous_4)","decl":{"start":{"line":39,"column":22},"end":{"line":39,"column":23}},"loc":{"start":{"line":39,"column":38},"end":{"line":39,"column":77}},"line":39},"5":{"name":"(anonymous_5)","decl":{"start":{"line":46,"column":2},"end":{"line":46,"column":3}},"loc":{"start":{"line":46,"column":31},"end":{"line":53,"column":3}},"line":46},"6":{"name":"(anonymous_6)","decl":{"start":{"line":48,"column":22},"end":{"line":48,"column":23}},"loc":{"start":{"line":48,"column":39},"end":{"line":51,"column":5}},"line":48},"7":{"name":"(anonymous_7)","decl":{"start":{"line":60,"column":2},"end":{"line":60,"column":3}},"loc":{"start":{"line":60,"column":34},"end":{"line":62,"column":3}},"line":60},"8":{"name":"(anonymous_8)","decl":{"start":{"line":61,"column":30},"end":{"line":61,"column":31}},"loc":{"start":{"line":61,"column":41},"end":{"line":61,"column":70}},"line":61}},"branchMap":{"0":{"loc":{"start":{"line":50,"column":38},"end":{"line":50,"column":77}},"type":"binary-expr","locations":[{"start":{"line":50,"column":38},"end":{"line":50,"column":72}},{"start":{"line":50,"column":76},"end":{"line":50,"column":77}}],"line":50}},"s":{"0":24,"1":24,"2":24,"3":24,"4":5,"5":5,"6":5,"7":5,"8":4,"9":4,"10":4,"11":4,"12":2,"13":2,"14":3,"15":3,"16":2,"17":1,"18":1},"f":{"0":24,"1":5,"2":5,"3":4,"4":4,"5":2,"6":3,"7":1,"8":1},"b":{"0":[3,3]},"_coverageSchema":"43e27e138ebf9cfc5966b082cf9a028302ed4184","hash":"6b40e3ce258b376f4af3d8e0af1d0e836026dad0"}
,"/Users/cagataycali/Desktop/case/src/models/CartProduct.js": {"path":"/Users/cagataycali/Desktop/case/src/models/CartProduct.js","statementMap":{"0":{"start":{"line":14,"column":4},"end":{"line":16,"column":5}},"1":{"start":{"line":15,"column":6},"end":{"line":15,"column":48}},"2":{"start":{"line":17,"column":4},"end":{"line":17,"column":63}},"3":{"start":{"line":18,"column":4},"end":{"line":20,"column":5}},"4":{"start":{"line":19,"column":6},"end":{"line":19,"column":46}},"5":{"start":{"line":21,"column":4},"end":{"line":24,"column":5}},"6":{"start":{"line":22,"column":20},"end":{"line":22,"column":98}},"7":{"start":{"line":23,"column":6},"end":{"line":23,"column":28}},"8":{"start":{"line":26,"column":4},"end":{"line":26,"column":29}},"9":{"start":{"line":27,"column":4},"end":{"line":27,"column":43}},"10":{"start":{"line":28,"column":4},"end":{"line":28,"column":26}},"11":{"start":{"line":37,"column":4},"end":{"line":39,"column":5}},"12":{"start":{"line":38,"column":6},"end":{"line":38,"column":46}},"13":{"start":{"line":41,"column":4},"end":{"line":41,"column":29}},"14":{"start":{"line":42,"column":4},"end":{"line":42,"column":46}},"15":{"start":{"line":43,"column":4},"end":{"line":45,"column":5}},"16":{"start":{"line":44,"column":6},"end":{"line":44,"column":53}},"17":{"start":{"line":52,"column":4},"end":{"line":52,"column":25}}},"fnMap":{"0":{"name":"(anonymous_0)","decl":{"start":{"line":13,"column":2},"end":{"line":13,"column":3}},"loc":{"start":{"line":13,"column":38},"end":{"line":29,"column":3}},"line":13},"1":{"name":"(anonymous_1)","decl":{"start":{"line":36,"column":2},"end":{"line":36,"column":3}},"loc":{"start":{"line":36,"column":26},"end":{"line":46,"column":3}},"line":36},"2":{"name":"(anonymous_2)","decl":{"start":{"line":51,"column":2},"end":{"line":51,"column":3}},"loc":{"start":{"line":51,"column":18},"end":{"line":53,"column":3}},"line":51}},"branchMap":{"0":{"loc":{"start":{"line":13,"column":24},"end":{"line":13,"column":36}},"type":"default-arg","locations":[{"start":{"line":13,"column":35},"end":{"line":13,"column":36}}],"line":13},"1":{"loc":{"start":{"line":14,"column":4},"end":{"line":16,"column":5}},"type":"if","locations":[{"start":{"line":14,"column":4},"end":{"line":16,"column":5}},{"start":{"line":14,"column":4},"end":{"line":16,"column":5}}],"line":14},"2":{"loc":{"start":{"line":18,"column":4},"end":{"line":20,"column":5}},"type":"if","locations":[{"start":{"line":18,"column":4},"end":{"line":20,"column":5}},{"start":{"line":18,"column":4},"end":{"line":20,"column":5}}],"line":18},"3":{"loc":{"start":{"line":21,"column":4},"end":{"line":24,"column":5}},"type":"if","locations":[{"start":{"line":21,"column":4},"end":{"line":24,"column":5}},{"start":{"line":21,"column":4},"end":{"line":24,"column":5}}],"line":21},"4":{"loc":{"start":{"line":37,"column":4},"end":{"line":39,"column":5}},"type":"if","locations":[{"start":{"line":37,"column":4},"end":{"line":39,"column":5}},{"start":{"line":37,"column":4},"end":{"line":39,"column":5}}],"line":37},"5":{"loc":{"start":{"line":43,"column":4},"end":{"line":45,"column":5}},"type":"if","locations":[{"start":{"line":43,"column":4},"end":{"line":45,"column":5}},{"start":{"line":43,"column":4},"end":{"line":45,"column":5}}],"line":43}},"s":{"0":36,"1":1,"2":35,"3":35,"4":1,"5":34,"6":1,"7":1,"8":33,"9":33,"10":33,"11":5,"12":1,"13":4,"14":4,"15":4,"16":1,"17":11},"f":{"0":36,"1":5,"2":11},"b":{"0":[1],"1":[1,35],"2":[1,34],"3":[1,33],"4":[1,4],"5":[1,3]},"_coverageSchema":"43e27e138ebf9cfc5966b082cf9a028302ed4184","hash":"45376d22d53dc46bf118beba4f51552490e81d41"}
,"/Users/cagataycali/Desktop/case/src/models/Category.js": {"path":"/Users/cagataycali/Desktop/case/src/models/Category.js","statementMap":{"0":{"start":{"line":19,"column":4},"end":{"line":19,"column":22}},"1":{"start":{"line":20,"column":4},"end":{"line":20,"column":24}},"2":{"start":{"line":21,"column":4},"end":{"line":21,"column":20}}},"fnMap":{"0":{"name":"(anonymous_0)","decl":{"start":{"line":18,"column":2},"end":{"line":18,"column":3}},"loc":{"start":{"line":18,"column":51},"end":{"line":22,"column":3}},"line":18}},"branchMap":{"0":{"loc":{"start":{"line":18,"column":22},"end":{"line":18,"column":35}},"type":"default-arg","locations":[{"start":{"line":18,"column":31},"end":{"line":18,"column":35}}],"line":18},"1":{"loc":{"start":{"line":18,"column":37},"end":{"line":18,"column":49}},"type":"default-arg","locations":[{"start":{"line":18,"column":44},"end":{"line":18,"column":49}}],"line":18}},"s":{"0":92,"1":92,"2":92},"f":{"0":92},"b":{"0":[89],"1":[89]},"_coverageSchema":"43e27e138ebf9cfc5966b082cf9a028302ed4184","hash":"786a6f5628e1f483476e3063b7e23b9f9e799005"}
,"/Users/cagataycali/Desktop/case/src/models/Coupon.js": {"path":"/Users/cagataycali/Desktop/case/src/models/Coupon.js","statementMap":{"0":{"start":{"line":21,"column":4},"end":{"line":21,"column":30}},"1":{"start":{"line":22,"column":4},"end":{"line":22,"column":22}},"2":{"start":{"line":23,"column":4},"end":{"line":23,"column":20}},"3":{"start":{"line":31,"column":4},"end":{"line":34,"column":5}},"4":{"start":{"line":32,"column":20},"end":{"line":32,"column":116}},"5":{"start":{"line":33,"column":6},"end":{"line":33,"column":28}},"6":{"start":{"line":35,"column":4},"end":{"line":35,"column":57}}},"fnMap":{"0":{"name":"(anonymous_0)","decl":{"start":{"line":20,"column":2},"end":{"line":20,"column":3}},"loc":{"start":{"line":20,"column":39},"end":{"line":24,"column":3}},"line":20},"1":{"name":"(anonymous_1)","decl":{"start":{"line":30,"column":2},"end":{"line":30,"column":3}},"loc":{"start":{"line":30,"column":16},"end":{"line":36,"column":3}},"line":30}},"branchMap":{"0":{"loc":{"start":{"line":31,"column":4},"end":{"line":34,"column":5}},"type":"if","locations":[{"start":{"line":31,"column":4},"end":{"line":34,"column":5}},{"start":{"line":31,"column":4},"end":{"line":34,"column":5}}],"line":31}},"s":{"0":4,"1":4,"2":4,"3":5,"4":2,"5":2,"6":3},"f":{"0":4,"1":5},"b":{"0":[2,3]},"_coverageSchema":"43e27e138ebf9cfc5966b082cf9a028302ed4184","hash":"9a84a3864bfe13c4b58959677d311329bbe69dec"}
,"/Users/cagataycali/Desktop/case/src/models/Delivery.js": {"path":"/Users/cagataycali/Desktop/case/src/models/Delivery.js","statementMap":{"0":{"start":{"line":12,"column":4},"end":{"line":12,"column":42}},"1":{"start":{"line":13,"column":4},"end":{"line":13,"column":40}},"2":{"start":{"line":14,"column":4},"end":{"line":14,"column":30}},"3":{"start":{"line":23,"column":4},"end":{"line":25,"column":5}},"4":{"start":{"line":24,"column":6},"end":{"line":24,"column":72}},"5":{"start":{"line":26,"column":4},"end":{"line":30,"column":5}}},"fnMap":{"0":{"name":"(anonymous_0)","decl":{"start":{"line":11,"column":2},"end":{"line":11,"column":3}},"loc":{"start":{"line":11,"column":74},"end":{"line":15,"column":3}},"line":11},"1":{"name":"(anonymous_1)","decl":{"start":{"line":22,"column":2},"end":{"line":22,"column":3}},"loc":{"start":{"line":22,"column":22},"end":{"line":31,"column":3}},"line":22}},"branchMap":{"0":{"loc":{"start":{"line":11,"column":15},"end":{"line":11,"column":34}},"type":"default-arg","locations":[{"start":{"line":11,"column":33},"end":{"line":11,"column":34}}],"line":11},"1":{"loc":{"start":{"line":11,"column":36},"end":{"line":11,"column":54}},"type":"default-arg","locations":[{"start":{"line":11,"column":53},"end":{"line":11,"column":54}}],"line":11},"2":{"loc":{"start":{"line":11,"column":56},"end":{"line":11,"column":72}},"type":"default-arg","locations":[{"start":{"line":11,"column":68},"end":{"line":11,"column":72}}],"line":11},"3":{"loc":{"start":{"line":23,"column":4},"end":{"line":25,"column":5}},"type":"if","locations":[{"start":{"line":23,"column":4},"end":{"line":25,"column":5}},{"start":{"line":23,"column":4},"end":{"line":25,"column":5}}],"line":23}},"s":{"0":2,"1":2,"2":2,"3":2,"4":1,"5":1},"f":{"0":2,"1":2},"b":{"0":[1],"1":[1],"2":[1],"3":[1,1]},"_coverageSchema":"43e27e138ebf9cfc5966b082cf9a028302ed4184","hash":"0aa9b49147d22a6fe5bc79e425551c1e93ed336f"}
,"/Users/cagataycali/Desktop/case/src/models/Product.js": {"path":"/Users/cagataycali/Desktop/case/src/models/Product.js","statementMap":{"0":{"start":{"line":16,"column":4},"end":{"line":16,"column":22}},"1":{"start":{"line":17,"column":4},"end":{"line":17,"column":32}},"2":{"start":{"line":18,"column":4},"end":{"line":18,"column":28}}},"fnMap":{"0":{"name":"(anonymous_0)","decl":{"start":{"line":15,"column":2},"end":{"line":15,"column":3}},"loc":{"start":{"line":15,"column":67},"end":{"line":19,"column":3}},"line":15}},"branchMap":{"0":{"loc":{"start":{"line":15,"column":29},"end":{"line":15,"column":65}},"type":"default-arg","locations":[{"start":{"line":15,"column":40},"end":{"line":15,"column":65}}],"line":15}},"s":{"0":88,"1":88,"2":88},"f":{"0":88},"b":{"0":[3]},"_coverageSchema":"43e27e138ebf9cfc5966b082cf9a028302ed4184","hash":"8dedcac601a27e664c91b932cb659aae39522203"}
}
