{"/Users/cagataycali/Desktop/case/src/helpers.js": {"path":"/Users/cagataycali/Desktop/case/src/helpers.js","statementMap":{"0":{"start":{"line":12,"column":13},"end":{"line":13,"column":53}},"1":{"start":{"line":13,"column":2},"end":{"line":13,"column":53}},"2":{"start":{"line":27,"column":15},"end":{"line":28,"column":76}},"3":{"start":{"line":28,"column":2},"end":{"line":28,"column":76}},"4":{"start":{"line":35,"column":27},"end":{"line":37,"column":59}},"5":{"start":{"line":36,"column":2},"end":{"line":37,"column":59}},"6":{"start":{"line":43,"column":17},"end":{"line":44,"column":78}},"7":{"start":{"line":44,"column":2},"end":{"line":44,"column":78}},"8":{"start":{"line":50,"column":26},"end":{"line":51,"column":30}},"9":{"start":{"line":51,"column":2},"end":{"line":51,"column":30}},"10":{"start":{"line":54,"column":16},"end":{"line":62,"column":1}}},"fnMap":{"0":{"name":"(anonymous_0)","decl":{"start":{"line":12,"column":13},"end":{"line":12,"column":14}},"loc":{"start":{"line":13,"column":2},"end":{"line":13,"column":53}},"line":13},"1":{"name":"(anonymous_1)","decl":{"start":{"line":27,"column":15},"end":{"line":27,"column":16}},"loc":{"start":{"line":28,"column":2},"end":{"line":28,"column":76}},"line":28},"2":{"name":"(anonymous_2)","decl":{"start":{"line":35,"column":27},"end":{"line":35,"column":28}},"loc":{"start":{"line":36,"column":2},"end":{"line":37,"column":59}},"line":36},"3":{"name":"(anonymous_3)","decl":{"start":{"line":43,"column":17},"end":{"line":43,"column":18}},"loc":{"start":{"line":44,"column":2},"end":{"line":44,"column":78}},"line":44},"4":{"name":"(anonymous_4)","decl":{"start":{"line":50,"column":26},"end":{"line":50,"column":27}},"loc":{"start":{"line":51,"column":2},"end":{"line":51,"column":30}},"line":51}},"branchMap":{"0":{"loc":{"start":{"line":28,"column":20},"end":{"line":28,"column":71}},"type":"cond-expr","locations":[{"start":{"line":28,"column":47},"end":{"line":28,"column":52}},{"start":{"line":28,"column":55},"end":{"line":28,"column":71}}],"line":28},"1":{"loc":{"start":{"line":36,"column":2},"end":{"line":37,"column":59}},"type":"binary-expr","locations":[{"start":{"line":36,"column":2},"end":{"line":36,"column":61}},{"start":{"line":37,"column":4},"end":{"line":37,"column":59}}],"line":36},"2":{"loc":{"start":{"line":44,"column":2},"end":{"line":44,"column":78}},"type":"binary-expr","locations":[{"start":{"line":44,"column":2},"end":{"line":44,"column":61}},{"start":{"line":44,"column":65},"end":{"line":44,"column":78}}],"line":44},"3":{"loc":{"start":{"line":51,"column":2},"end":{"line":51,"column":30}},"type":"binary-expr","locations":[{"start":{"line":51,"column":2},"end":{"line":51,"column":17}},{"start":{"line":51,"column":21},"end":{"line":51,"column":30}}],"line":51}},"s":{"0":9,"1":40,"2":9,"3":12,"4":9,"5":107,"6":9,"7":52,"8":9,"9":50,"10":9},"f":{"0":40,"1":12,"2":107,"3":52,"4":50},"b":{"0":[3,9],"1":[107,102],"2":[52,51],"3":[50,49]},"_coverageSchema":"43e27e138ebf9cfc5966b082cf9a028302ed4184","hash":"e6c4128c8e2c88c61f36d9e7187e3ada26e7220c"}
,"/Users/cagataycali/Desktop/case/src/index.js": {"path":"/Users/cagataycali/Desktop/case/src/index.js","statementMap":{},"fnMap":{},"branchMap":{},"s":{},"f":{},"b":{},"_coverageSchema":"43e27e138ebf9cfc5966b082cf9a028302ed4184","hash":"3a6f1df77821565d05cde743d594ac3908a3c50b"}
,"/Users/cagataycali/Desktop/case/src/models/Campaign.js": {"path":"/Users/cagataycali/Desktop/case/src/models/Campaign.js","statementMap":{"0":{"start":{"line":24,"column":4},"end":{"line":24,"column":28}},"1":{"start":{"line":25,"column":4},"end":{"line":27,"column":5}},"2":{"start":{"line":26,"column":6},"end":{"line":26,"column":67}},"3":{"start":{"line":29,"column":4},"end":{"line":29,"column":61}},"4":{"start":{"line":33,"column":4},"end":{"line":33,"column":30}},"5":{"start":{"line":34,"column":4},"end":{"line":34,"column":20}},"6":{"start":{"line":42,"column":4},"end":{"line":45,"column":5}},"7":{"start":{"line":43,"column":20},"end":{"line":43,"column":61}},"8":{"start":{"line":44,"column":6},"end":{"line":44,"column":28}},"9":{"start":{"line":55,"column":4},"end":{"line":55,"column":57}}},"fnMap":{"0":{"name":"(anonymous_0)","decl":{"start":{"line":23,"column":2},"end":{"line":23,"column":3}},"loc":{"start":{"line":23,"column":77},"end":{"line":35,"column":3}},"line":23},"1":{"name":"(anonymous_1)","decl":{"start":{"line":41,"column":2},"end":{"line":41,"column":3}},"loc":{"start":{"line":41,"column":16},"end":{"line":56,"column":3}},"line":41}},"branchMap":{"0":{"loc":{"start":{"line":23,"column":15},"end":{"line":23,"column":51}},"type":"default-arg","locations":[{"start":{"line":23,"column":26},"end":{"line":23,"column":51}}],"line":23},"1":{"loc":{"start":{"line":25,"column":4},"end":{"line":27,"column":5}},"type":"if","locations":[{"start":{"line":25,"column":4},"end":{"line":27,"column":5}},{"start":{"line":25,"column":4},"end":{"line":27,"column":5}}],"line":25},"2":{"loc":{"start":{"line":25,"column":8},"end":{"line":25,"column":34}},"type":"binary-expr","locations":[{"start":{"line":25,"column":8},"end":{"line":25,"column":17}},{"start":{"line":25,"column":21},"end":{"line":25,"column":34}}],"line":25},"3":{"loc":{"start":{"line":29,"column":17},"end":{"line":29,"column":61}},"type":"cond-expr","locations":[{"start":{"line":29,"column":50},"end":{"line":29,"column":53}},{"start":{"line":29,"column":56},"end":{"line":29,"column":61}}],"line":29},"4":{"loc":{"start":{"line":29,"column":17},"end":{"line":29,"column":47}},"type":"binary-expr","locations":[{"start":{"line":29,"column":17},"end":{"line":29,"column":32}},{"start":{"line":29,"column":36},"end":{"line":29,"column":47}}],"line":29},"5":{"loc":{"start":{"line":42,"column":4},"end":{"line":45,"column":5}},"type":"if","locations":[{"start":{"line":42,"column":4},"end":{"line":45,"column":5}},{"start":{"line":42,"column":4},"end":{"line":45,"column":5}}],"line":42}},"s":{"0":16,"1":16,"2":2,"3":14,"4":14,"5":14,"6":37,"7":1,"8":1,"9":36},"f":{"0":16,"1":37},"b":{"0":[1],"1":[2,14],"2":[16,14],"3":[1,13],"4":[14,9],"5":[1,36]},"_coverageSchema":"43e27e138ebf9cfc5966b082cf9a028302ed4184","hash":"4a8c6cdd65ba5676c013e01e45f1340bc1b733ce"}
,"/Users/cagataycali/Desktop/case/src/models/Cart.js": {"path":"/Users/cagataycali/Desktop/case/src/models/Cart.js","statementMap":{"0":{"start":{"line":16,"column":4},"end":{"line":16,"column":19}},"1":{"start":{"line":17,"column":4},"end":{"line":17,"column":35}},"2":{"start":{"line":18,"column":4},"end":{"line":18,"column":27}},"3":{"start":{"line":19,"column":4},"end":{"line":19,"column":29}},"4":{"start":{"line":20,"column":4},"end":{"line":20,"column":27}},"5":{"start":{"line":38,"column":24},"end":{"line":38,"column":90}},"6":{"start":{"line":38,"column":58},"end":{"line":38,"column":89}},"7":{"start":{"line":40,"column":4},"end":{"line":47,"column":5}},"8":{"start":{"line":41,"column":6},"end":{"line":41,"column":60}},"9":{"start":{"line":42,"column":11},"end":{"line":47,"column":5}},"10":{"start":{"line":43,"column":6},"end":{"line":43,"column":34}},"11":{"start":{"line":44,"column":6},"end":{"line":44,"column":56}},"12":{"start":{"line":46,"column":6},"end":{"line":46,"column":38}},"13":{"start":{"line":61,"column":4},"end":{"line":63,"column":31}},"14":{"start":{"line":63,"column":10},"end":{"line":63,"column":30}},"15":{"start":{"line":72,"column":23},"end":{"line":72,"column":32}},"16":{"start":{"line":74,"column":4},"end":{"line":89,"column":6}},"17":{"start":{"line":78,"column":10},"end":{"line":78,"column":21}},"18":{"start":{"line":81,"column":8},"end":{"line":83,"column":9}},"19":{"start":{"line":84,"column":8},"end":{"line":86,"column":9}},"20":{"start":{"line":85,"column":10},"end":{"line":85,"column":37}},"21":{"start":{"line":88,"column":6},"end":{"line":88,"column":34}},"22":{"start":{"line":91,"column":4},"end":{"line":91,"column":21}},"23":{"start":{"line":111,"column":4},"end":{"line":111,"column":30}},"24":{"start":{"line":112,"column":4},"end":{"line":114,"column":5}},"25":{"start":{"line":113,"column":6},"end":{"line":113,"column":45}},"26":{"start":{"line":116,"column":4},"end":{"line":118,"column":5}},"27":{"start":{"line":117,"column":6},"end":{"line":117,"column":72}},"28":{"start":{"line":121,"column":23},"end":{"line":121,"column":47}},"29":{"start":{"line":123,"column":4},"end":{"line":161,"column":6}},"30":{"start":{"line":124,"column":22},"end":{"line":124,"column":41}},"31":{"start":{"line":125,"column":18},"end":{"line":125,"column":35}},"32":{"start":{"line":126,"column":16},"end":{"line":126,"column":33}},"33":{"start":{"line":133,"column":31},"end":{"line":153,"column":7}},"34":{"start":{"line":135,"column":25},"end":{"line":135,"column":100}},"35":{"start":{"line":135,"column":57},"end":{"line":135,"column":99}},"36":{"start":{"line":137,"column":20},"end":{"line":137,"column":24}},"37":{"start":{"line":138,"column":8},"end":{"line":148,"column":9}},"38":{"start":{"line":140,"column":10},"end":{"line":140,"column":70}},"39":{"start":{"line":143,"column":10},"end":{"line":147,"column":11}},"40":{"start":{"line":144,"column":12},"end":{"line":144,"column":39}},"41":{"start":{"line":145,"column":12},"end":{"line":145,"column":39}},"42":{"start":{"line":146,"column":12},"end":{"line":146,"column":36}},"43":{"start":{"line":150,"column":8},"end":{"line":152,"column":9}},"44":{"start":{"line":151,"column":10},"end":{"line":151,"column":43}},"45":{"start":{"line":155,"column":6},"end":{"line":155,"column":40}},"46":{"start":{"line":157,"column":6},"end":{"line":157,"column":45}},"47":{"start":{"line":158,"column":6},"end":{"line":158,"column":42}},"48":{"start":{"line":159,"column":6},"end":{"line":159,"column":49}},"49":{"start":{"line":160,"column":6},"end":{"line":160,"column":66}},"50":{"start":{"line":178,"column":18},"end":{"line":178,"column":41}},"51":{"start":{"line":180,"column":4},"end":{"line":182,"column":5}},"52":{"start":{"line":181,"column":6},"end":{"line":181,"column":52}},"53":{"start":{"line":183,"column":4},"end":{"line":190,"column":5}},"54":{"start":{"line":184,"column":6},"end":{"line":184,"column":26}},"55":{"start":{"line":185,"column":6},"end":{"line":185,"column":55}},"56":{"start":{"line":186,"column":6},"end":{"line":186,"column":28}},"57":{"start":{"line":188,"column":6},"end":{"line":188,"column":29}},"58":{"start":{"line":189,"column":6},"end":{"line":189,"column":56}},"59":{"start":{"line":199,"column":4},"end":{"line":199,"column":71}},"60":{"start":{"line":199,"column":41},"end":{"line":199,"column":70}}},"fnMap":{"0":{"name":"(anonymous_0)","decl":{"start":{"line":15,"column":2},"end":{"line":15,"column":3}},"loc":{"start":{"line":15,"column":30},"end":{"line":21,"column":3}},"line":15},"1":{"name":"(anonymous_1)","decl":{"start":{"line":37,"column":2},"end":{"line":37,"column":3}},"loc":{"start":{"line":37,"column":30},"end":{"line":48,"column":3}},"line":37},"2":{"name":"(anonymous_2)","decl":{"start":{"line":38,"column":43},"end":{"line":38,"column":44}},"loc":{"start":{"line":38,"column":58},"end":{"line":38,"column":89}},"line":38},"3":{"name":"(anonymous_3)","decl":{"start":{"line":60,"column":2},"end":{"line":60,"column":3}},"loc":{"start":{"line":60,"column":23},"end":{"line":64,"column":3}},"line":60},"4":{"name":"(anonymous_4)","decl":{"start":{"line":61,"column":41},"end":{"line":61,"column":42}},"loc":{"start":{"line":63,"column":10},"end":{"line":63,"column":30}},"line":63},"5":{"name":"(anonymous_5)","decl":{"start":{"line":71,"column":2},"end":{"line":71,"column":3}},"loc":{"start":{"line":71,"column":23},"end":{"line":92,"column":3}},"line":71},"6":{"name":"(anonymous_6)","decl":{"start":{"line":74,"column":22},"end":{"line":74,"column":23}},"loc":{"start":{"line":74,"column":37},"end":{"line":89,"column":5}},"line":74},"7":{"name":"findParent","decl":{"start":{"line":80,"column":15},"end":{"line":80,"column":25}},"loc":{"start":{"line":80,"column":37},"end":{"line":87,"column":7}},"line":80},"8":{"name":"(anonymous_8)","decl":{"start":{"line":110,"column":2},"end":{"line":110,"column":3}},"loc":{"start":{"line":110,"column":32},"end":{"line":162,"column":3}},"line":110},"9":{"name":"(anonymous_9)","decl":{"start":{"line":123,"column":22},"end":{"line":123,"column":23}},"loc":{"start":{"line":123,"column":37},"end":{"line":161,"column":5}},"line":123},"10":{"name":"(anonymous_10)","decl":{"start":{"line":133,"column":31},"end":{"line":133,"column":32}},"loc":{"start":{"line":133,"column":43},"end":{"line":153,"column":7}},"line":133},"11":{"name":"(anonymous_11)","decl":{"start":{"line":135,"column":45},"end":{"line":135,"column":46}},"loc":{"start":{"line":135,"column":57},"end":{"line":135,"column":99}},"line":135},"12":{"name":"(anonymous_12)","decl":{"start":{"line":177,"column":2},"end":{"line":177,"column":3}},"loc":{"start":{"line":177,"column":23},"end":{"line":191,"column":3}},"line":177},"13":{"name":"(anonymous_13)","decl":{"start":{"line":198,"column":2},"end":{"line":198,"column":3}},"loc":{"start":{"line":198,"column":34},"end":{"line":200,"column":3}},"line":198},"14":{"name":"(anonymous_14)","decl":{"start":{"line":199,"column":30},"end":{"line":199,"column":31}},"loc":{"start":{"line":199,"column":41},"end":{"line":199,"column":70}},"line":199}},"branchMap":{"0":{"loc":{"start":{"line":15,"column":15},"end":{"line":15,"column":28}},"type":"default-arg","locations":[{"start":{"line":15,"column":26},"end":{"line":15,"column":28}}],"line":15},"1":{"loc":{"start":{"line":40,"column":4},"end":{"line":47,"column":5}},"type":"if","locations":[{"start":{"line":40,"column":4},"end":{"line":47,"column":5}},{"start":{"line":40,"column":4},"end":{"line":47,"column":5}}],"line":40},"2":{"loc":{"start":{"line":42,"column":11},"end":{"line":47,"column":5}},"type":"if","locations":[{"start":{"line":42,"column":11},"end":{"line":47,"column":5}},{"start":{"line":42,"column":11},"end":{"line":47,"column":5}}],"line":42},"3":{"loc":{"start":{"line":42,"column":15},"end":{"line":42,"column":74}},"type":"binary-expr","locations":[{"start":{"line":42,"column":15},"end":{"line":42,"column":58}},{"start":{"line":42,"column":62},"end":{"line":42,"column":74}}],"line":42},"4":{"loc":{"start":{"line":82,"column":11},"end":{"line":82,"column":60}},"type":"binary-expr","locations":[{"start":{"line":82,"column":12},"end":{"line":82,"column":46}},{"start":{"line":82,"column":51},"end":{"line":82,"column":60}}],"line":82},"5":{"loc":{"start":{"line":84,"column":8},"end":{"line":86,"column":9}},"type":"if","locations":[{"start":{"line":84,"column":8},"end":{"line":86,"column":9}},{"start":{"line":84,"column":8},"end":{"line":86,"column":9}}],"line":84},"6":{"loc":{"start":{"line":112,"column":4},"end":{"line":114,"column":5}},"type":"if","locations":[{"start":{"line":112,"column":4},"end":{"line":114,"column":5}},{"start":{"line":112,"column":4},"end":{"line":114,"column":5}}],"line":112},"7":{"loc":{"start":{"line":116,"column":4},"end":{"line":118,"column":5}},"type":"if","locations":[{"start":{"line":116,"column":4},"end":{"line":118,"column":5}},{"start":{"line":116,"column":4},"end":{"line":118,"column":5}}],"line":116},"8":{"loc":{"start":{"line":138,"column":8},"end":{"line":148,"column":9}},"type":"if","locations":[{"start":{"line":138,"column":8},"end":{"line":148,"column":9}},{"start":{"line":138,"column":8},"end":{"line":148,"column":9}}],"line":138},"9":{"loc":{"start":{"line":138,"column":12},"end":{"line":138,"column":53}},"type":"binary-expr","locations":[{"start":{"line":138,"column":12},"end":{"line":138,"column":20}},{"start":{"line":138,"column":25},"end":{"line":138,"column":52}}],"line":138},"10":{"loc":{"start":{"line":143,"column":10},"end":{"line":147,"column":11}},"type":"if","locations":[{"start":{"line":143,"column":10},"end":{"line":147,"column":11}},{"start":{"line":143,"column":10},"end":{"line":147,"column":11}}],"line":143},"11":{"loc":{"start":{"line":150,"column":8},"end":{"line":152,"column":9}},"type":"if","locations":[{"start":{"line":150,"column":8},"end":{"line":152,"column":9}},{"start":{"line":150,"column":8},"end":{"line":152,"column":9}}],"line":150},"12":{"loc":{"start":{"line":180,"column":4},"end":{"line":182,"column":5}},"type":"if","locations":[{"start":{"line":180,"column":4},"end":{"line":182,"column":5}},{"start":{"line":180,"column":4},"end":{"line":182,"column":5}}],"line":180},"13":{"loc":{"start":{"line":183,"column":4},"end":{"line":190,"column":5}},"type":"if","locations":[{"start":{"line":183,"column":4},"end":{"line":190,"column":5}},{"start":{"line":183,"column":4},"end":{"line":190,"column":5}}],"line":183}},"s":{"0":20,"1":20,"2":20,"3":20,"4":20,"5":27,"6":8,"7":27,"8":24,"9":3,"10":1,"11":1,"12":2,"13":1,"14":1,"15":13,"16":13,"17":20,"18":58,"19":58,"20":38,"21":20,"22":13,"23":11,"24":11,"25":1,"26":10,"27":1,"28":9,"29":9,"30":12,"31":12,"32":12,"33":12,"34":34,"35":51,"36":34,"37":34,"38":13,"39":13,"40":9,"41":9,"42":9,"43":34,"44":22,"45":12,"46":12,"47":12,"48":12,"49":12,"50":5,"51":5,"52":1,"53":4,"54":3,"55":3,"56":3,"57":1,"58":1,"59":1,"60":2},"f":{"0":20,"1":27,"2":8,"3":1,"4":1,"5":13,"6":20,"7":58,"8":11,"9":12,"10":34,"11":51,"12":5,"13":1,"14":2},"b":{"0":[20],"1":[24,3],"2":[1,2],"3":[3,2],"4":[58,41],"5":[38,20],"6":[1,10],"7":[1,9],"8":[13,21],"9":[34,18],"10":[9,4],"11":[22,12],"12":[1,4],"13":[3,1]},"_coverageSchema":"43e27e138ebf9cfc5966b082cf9a028302ed4184","hash":"778e4231a6e9aa9b4f6364c7697bb4b0fc4b79e0"}
,"/Users/cagataycali/Desktop/case/src/models/CartHelper.js": {"path":"/Users/cagataycali/Desktop/case/src/models/CartHelper.js","statementMap":{"0":{"start":{"line":13,"column":4},"end":{"line":13,"column":28}},"1":{"start":{"line":14,"column":4},"end":{"line":14,"column":25}},"2":{"start":{"line":15,"column":4},"end":{"line":15,"column":22}},"3":{"start":{"line":16,"column":4},"end":{"line":16,"column":27}},"4":{"start":{"line":26,"column":16},"end":{"line":26,"column":17}},"5":{"start":{"line":27,"column":4},"end":{"line":27,"column":66}},"6":{"start":{"line":27,"column":38},"end":{"line":27,"column":64}},"7":{"start":{"line":28,"column":4},"end":{"line":28,"column":16}},"8":{"start":{"line":38,"column":16},"end":{"line":38,"column":17}},"9":{"start":{"line":39,"column":4},"end":{"line":39,"column":79}},"10":{"start":{"line":39,"column":38},"end":{"line":39,"column":77}},"11":{"start":{"line":40,"column":4},"end":{"line":40,"column":16}},"12":{"start":{"line":44,"column":4},"end":{"line":44,"column":56}},"13":{"start":{"line":51,"column":23},"end":{"line":51,"column":32}},"14":{"start":{"line":52,"column":4},"end":{"line":55,"column":6}},"15":{"start":{"line":53,"column":23},"end":{"line":53,"column":39}},"16":{"start":{"line":54,"column":6},"end":{"line":54,"column":79}},"17":{"start":{"line":56,"column":4},"end":{"line":56,"column":26}}},"fnMap":{"0":{"name":"(anonymous_0)","decl":{"start":{"line":12,"column":2},"end":{"line":12,"column":3}},"loc":{"start":{"line":12,"column":25},"end":{"line":17,"column":3}},"line":12},"1":{"name":"(anonymous_1)","decl":{"start":{"line":25,"column":2},"end":{"line":25,"column":3}},"loc":{"start":{"line":25,"column":15},"end":{"line":29,"column":3}},"line":25},"2":{"name":"(anonymous_2)","decl":{"start":{"line":27,"column":22},"end":{"line":27,"column":23}},"loc":{"start":{"line":27,"column":38},"end":{"line":27,"column":64}},"line":27},"3":{"name":"(anonymous_3)","decl":{"start":{"line":37,"column":2},"end":{"line":37,"column":3}},"loc":{"start":{"line":37,"column":28},"end":{"line":41,"column":3}},"line":37},"4":{"name":"(anonymous_4)","decl":{"start":{"line":39,"column":22},"end":{"line":39,"column":23}},"loc":{"start":{"line":39,"column":38},"end":{"line":39,"column":77}},"line":39},"5":{"name":"(anonymous_5)","decl":{"start":{"line":43,"column":2},"end":{"line":43,"column":3}},"loc":{"start":{"line":43,"column":22},"end":{"line":45,"column":3}},"line":43},"6":{"name":"(anonymous_6)","decl":{"start":{"line":50,"column":2},"end":{"line":50,"column":3}},"loc":{"start":{"line":50,"column":31},"end":{"line":57,"column":3}},"line":50},"7":{"name":"(anonymous_7)","decl":{"start":{"line":52,"column":22},"end":{"line":52,"column":23}},"loc":{"start":{"line":52,"column":39},"end":{"line":55,"column":5}},"line":52}},"branchMap":{"0":{"loc":{"start":{"line":54,"column":38},"end":{"line":54,"column":77}},"type":"binary-expr","locations":[{"start":{"line":54,"column":38},"end":{"line":54,"column":72}},{"start":{"line":54,"column":76},"end":{"line":54,"column":77}}],"line":54}},"s":{"0":20,"1":20,"2":20,"3":20,"4":1,"5":1,"6":1,"7":1,"8":7,"9":7,"10":10,"11":7,"12":1,"13":2,"14":2,"15":3,"16":3,"17":2},"f":{"0":20,"1":1,"2":1,"3":7,"4":10,"5":1,"6":2,"7":3},"b":{"0":[3,3]},"_coverageSchema":"43e27e138ebf9cfc5966b082cf9a028302ed4184","hash":"929fa7d36f2b8d466e7d9af786b9181b62e690ae"}
,"/Users/cagataycali/Desktop/case/src/models/CartProduct.js": {"path":"/Users/cagataycali/Desktop/case/src/models/CartProduct.js","statementMap":{"0":{"start":{"line":14,"column":4},"end":{"line":16,"column":5}},"1":{"start":{"line":15,"column":6},"end":{"line":15,"column":48}},"2":{"start":{"line":17,"column":4},"end":{"line":17,"column":57}},"3":{"start":{"line":19,"column":4},"end":{"line":21,"column":5}},"4":{"start":{"line":20,"column":6},"end":{"line":20,"column":46}},"5":{"start":{"line":22,"column":4},"end":{"line":25,"column":5}},"6":{"start":{"line":23,"column":20},"end":{"line":23,"column":98}},"7":{"start":{"line":24,"column":6},"end":{"line":24,"column":28}},"8":{"start":{"line":27,"column":4},"end":{"line":27,"column":29}},"9":{"start":{"line":28,"column":4},"end":{"line":28,"column":43}},"10":{"start":{"line":29,"column":4},"end":{"line":29,"column":26}},"11":{"start":{"line":30,"column":4},"end":{"line":30,"column":56}},"12":{"start":{"line":39,"column":4},"end":{"line":41,"column":5}},"13":{"start":{"line":40,"column":6},"end":{"line":40,"column":46}},"14":{"start":{"line":43,"column":4},"end":{"line":43,"column":29}},"15":{"start":{"line":44,"column":4},"end":{"line":44,"column":46}},"16":{"start":{"line":45,"column":4},"end":{"line":47,"column":5}},"17":{"start":{"line":46,"column":6},"end":{"line":46,"column":53}},"18":{"start":{"line":54,"column":4},"end":{"line":54,"column":25}}},"fnMap":{"0":{"name":"(anonymous_0)","decl":{"start":{"line":13,"column":2},"end":{"line":13,"column":3}},"loc":{"start":{"line":13,"column":38},"end":{"line":31,"column":3}},"line":13},"1":{"name":"(anonymous_1)","decl":{"start":{"line":38,"column":2},"end":{"line":38,"column":3}},"loc":{"start":{"line":38,"column":26},"end":{"line":48,"column":3}},"line":38},"2":{"name":"(anonymous_2)","decl":{"start":{"line":53,"column":2},"end":{"line":53,"column":3}},"loc":{"start":{"line":53,"column":18},"end":{"line":55,"column":3}},"line":53}},"branchMap":{"0":{"loc":{"start":{"line":13,"column":24},"end":{"line":13,"column":36}},"type":"default-arg","locations":[{"start":{"line":13,"column":35},"end":{"line":13,"column":36}}],"line":13},"1":{"loc":{"start":{"line":14,"column":4},"end":{"line":16,"column":5}},"type":"if","locations":[{"start":{"line":14,"column":4},"end":{"line":16,"column":5}},{"start":{"line":14,"column":4},"end":{"line":16,"column":5}}],"line":14},"2":{"loc":{"start":{"line":14,"column":8},"end":{"line":14,"column":49}},"type":"binary-expr","locations":[{"start":{"line":14,"column":8},"end":{"line":14,"column":16}},{"start":{"line":14,"column":20},"end":{"line":14,"column":49}}],"line":14},"3":{"loc":{"start":{"line":19,"column":4},"end":{"line":21,"column":5}},"type":"if","locations":[{"start":{"line":19,"column":4},"end":{"line":21,"column":5}},{"start":{"line":19,"column":4},"end":{"line":21,"column":5}}],"line":19},"4":{"loc":{"start":{"line":22,"column":4},"end":{"line":25,"column":5}},"type":"if","locations":[{"start":{"line":22,"column":4},"end":{"line":25,"column":5}},{"start":{"line":22,"column":4},"end":{"line":25,"column":5}}],"line":22},"5":{"loc":{"start":{"line":39,"column":4},"end":{"line":41,"column":5}},"type":"if","locations":[{"start":{"line":39,"column":4},"end":{"line":41,"column":5}},{"start":{"line":39,"column":4},"end":{"line":41,"column":5}}],"line":39},"6":{"loc":{"start":{"line":45,"column":4},"end":{"line":47,"column":5}},"type":"if","locations":[{"start":{"line":45,"column":4},"end":{"line":47,"column":5}},{"start":{"line":45,"column":4},"end":{"line":47,"column":5}}],"line":45}},"s":{"0":31,"1":2,"2":29,"3":29,"4":1,"5":28,"6":1,"7":1,"8":27,"9":27,"10":27,"11":27,"12":4,"13":1,"14":3,"15":3,"16":3,"17":1,"18":7},"f":{"0":31,"1":4,"2":7},"b":{"0":[2],"1":[2,29],"2":[31,30],"3":[1,28],"4":[1,27],"5":[1,3],"6":[1,2]},"_coverageSchema":"43e27e138ebf9cfc5966b082cf9a028302ed4184","hash":"6a3be812d552e1f5f6a100d1d50224c5af81c6d4"}
,"/Users/cagataycali/Desktop/case/src/models/Category.js": {"path":"/Users/cagataycali/Desktop/case/src/models/Category.js","statementMap":{"0":{"start":{"line":21,"column":4},"end":{"line":23,"column":5}},"1":{"start":{"line":22,"column":6},"end":{"line":22,"column":57}},"2":{"start":{"line":25,"column":4},"end":{"line":25,"column":22}},"3":{"start":{"line":26,"column":4},"end":{"line":26,"column":24}},"4":{"start":{"line":27,"column":4},"end":{"line":27,"column":24}}},"fnMap":{"0":{"name":"(anonymous_0)","decl":{"start":{"line":20,"column":2},"end":{"line":20,"column":3}},"loc":{"start":{"line":20,"column":37},"end":{"line":28,"column":3}},"line":20}},"branchMap":{"0":{"loc":{"start":{"line":20,"column":22},"end":{"line":20,"column":35}},"type":"default-arg","locations":[{"start":{"line":20,"column":31},"end":{"line":20,"column":35}}],"line":20},"1":{"loc":{"start":{"line":21,"column":4},"end":{"line":23,"column":5}},"type":"if","locations":[{"start":{"line":21,"column":4},"end":{"line":23,"column":5}},{"start":{"line":21,"column":4},"end":{"line":23,"column":5}}],"line":21}},"s":{"0":49,"1":5,"2":44,"3":44,"4":44},"f":{"0":49},"b":{"0":[41],"1":[5,44]},"_coverageSchema":"43e27e138ebf9cfc5966b082cf9a028302ed4184","hash":"1c51662091d216b9bb57fc6e9bab1f83ef382d85"}
,"/Users/cagataycali/Desktop/case/src/models/Coupon.js": {"path":"/Users/cagataycali/Desktop/case/src/models/Coupon.js","statementMap":{"0":{"start":{"line":21,"column":4},"end":{"line":23,"column":5}},"1":{"start":{"line":22,"column":6},"end":{"line":22,"column":67}},"2":{"start":{"line":25,"column":4},"end":{"line":27,"column":5}},"3":{"start":{"line":26,"column":6},"end":{"line":26,"column":17}},"4":{"start":{"line":28,"column":4},"end":{"line":28,"column":22}},"5":{"start":{"line":29,"column":4},"end":{"line":29,"column":30}},"6":{"start":{"line":30,"column":4},"end":{"line":30,"column":22}},"7":{"start":{"line":31,"column":4},"end":{"line":31,"column":20}},"8":{"start":{"line":39,"column":4},"end":{"line":42,"column":5}},"9":{"start":{"line":40,"column":20},"end":{"line":40,"column":116}},"10":{"start":{"line":41,"column":6},"end":{"line":41,"column":28}},"11":{"start":{"line":43,"column":4},"end":{"line":43,"column":57}}},"fnMap":{"0":{"name":"(anonymous_0)","decl":{"start":{"line":20,"column":2},"end":{"line":20,"column":3}},"loc":{"start":{"line":20,"column":39},"end":{"line":32,"column":3}},"line":20},"1":{"name":"(anonymous_1)","decl":{"start":{"line":38,"column":2},"end":{"line":38,"column":3}},"loc":{"start":{"line":38,"column":16},"end":{"line":44,"column":3}},"line":38}},"branchMap":{"0":{"loc":{"start":{"line":21,"column":4},"end":{"line":23,"column":5}},"type":"if","locations":[{"start":{"line":21,"column":4},"end":{"line":23,"column":5}},{"start":{"line":21,"column":4},"end":{"line":23,"column":5}}],"line":21},"1":{"loc":{"start":{"line":21,"column":8},"end":{"line":21,"column":34}},"type":"binary-expr","locations":[{"start":{"line":21,"column":8},"end":{"line":21,"column":17}},{"start":{"line":21,"column":21},"end":{"line":21,"column":34}}],"line":21},"2":{"loc":{"start":{"line":25,"column":4},"end":{"line":27,"column":5}},"type":"if","locations":[{"start":{"line":25,"column":4},"end":{"line":27,"column":5}},{"start":{"line":25,"column":4},"end":{"line":27,"column":5}}],"line":25},"3":{"loc":{"start":{"line":25,"column":8},"end":{"line":25,"column":38}},"type":"binary-expr","locations":[{"start":{"line":25,"column":8},"end":{"line":25,"column":19}},{"start":{"line":25,"column":23},"end":{"line":25,"column":38}}],"line":25},"4":{"loc":{"start":{"line":39,"column":4},"end":{"line":42,"column":5}},"type":"if","locations":[{"start":{"line":39,"column":4},"end":{"line":42,"column":5}},{"start":{"line":39,"column":4},"end":{"line":42,"column":5}}],"line":39}},"s":{"0":8,"1":2,"2":6,"3":1,"4":6,"5":6,"6":6,"7":6,"8":7,"9":1,"10":1,"11":6},"f":{"0":8,"1":7},"b":{"0":[2,6],"1":[8,7],"2":[1,5],"3":[6,2],"4":[1,6]},"_coverageSchema":"43e27e138ebf9cfc5966b082cf9a028302ed4184","hash":"24113459d97e143381b8a1d3cd006903b73cc865"}
,"/Users/cagataycali/Desktop/case/src/models/Delivery.js": {"path":"/Users/cagataycali/Desktop/case/src/models/Delivery.js","statementMap":{"0":{"start":{"line":12,"column":4},"end":{"line":12,"column":42}},"1":{"start":{"line":13,"column":4},"end":{"line":13,"column":40}},"2":{"start":{"line":14,"column":4},"end":{"line":14,"column":30}},"3":{"start":{"line":23,"column":4},"end":{"line":25,"column":5}},"4":{"start":{"line":24,"column":6},"end":{"line":24,"column":72}},"5":{"start":{"line":26,"column":4},"end":{"line":30,"column":5}}},"fnMap":{"0":{"name":"(anonymous_0)","decl":{"start":{"line":11,"column":2},"end":{"line":11,"column":3}},"loc":{"start":{"line":11,"column":74},"end":{"line":15,"column":3}},"line":11},"1":{"name":"(anonymous_1)","decl":{"start":{"line":22,"column":2},"end":{"line":22,"column":3}},"loc":{"start":{"line":22,"column":22},"end":{"line":31,"column":3}},"line":22}},"branchMap":{"0":{"loc":{"start":{"line":11,"column":15},"end":{"line":11,"column":34}},"type":"default-arg","locations":[{"start":{"line":11,"column":33},"end":{"line":11,"column":34}}],"line":11},"1":{"loc":{"start":{"line":11,"column":36},"end":{"line":11,"column":54}},"type":"default-arg","locations":[{"start":{"line":11,"column":53},"end":{"line":11,"column":54}}],"line":11},"2":{"loc":{"start":{"line":11,"column":56},"end":{"line":11,"column":72}},"type":"default-arg","locations":[{"start":{"line":11,"column":68},"end":{"line":11,"column":72}}],"line":11},"3":{"loc":{"start":{"line":23,"column":4},"end":{"line":25,"column":5}},"type":"if","locations":[{"start":{"line":23,"column":4},"end":{"line":25,"column":5}},{"start":{"line":23,"column":4},"end":{"line":25,"column":5}}],"line":23}},"s":{"0":2,"1":2,"2":2,"3":2,"4":1,"5":1},"f":{"0":2,"1":2},"b":{"0":[1],"1":[1],"2":[1],"3":[1,1]},"_coverageSchema":"43e27e138ebf9cfc5966b082cf9a028302ed4184","hash":"0aa9b49147d22a6fe5bc79e425551c1e93ed336f"}
,"/Users/cagataycali/Desktop/case/src/models/Product.js": {"path":"/Users/cagataycali/Desktop/case/src/models/Product.js","statementMap":{"0":{"start":{"line":18,"column":4},"end":{"line":18,"column":22}},"1":{"start":{"line":19,"column":4},"end":{"line":19,"column":22}},"2":{"start":{"line":20,"column":4},"end":{"line":20,"column":28}},"3":{"start":{"line":21,"column":4},"end":{"line":23,"column":5}},"4":{"start":{"line":22,"column":6},"end":{"line":22,"column":57}},"5":{"start":{"line":24,"column":4},"end":{"line":26,"column":5}},"6":{"start":{"line":25,"column":6},"end":{"line":25,"column":57}},"7":{"start":{"line":27,"column":4},"end":{"line":29,"column":5}},"8":{"start":{"line":28,"column":6},"end":{"line":28,"column":63}}},"fnMap":{"0":{"name":"(anonymous_0)","decl":{"start":{"line":17,"column":2},"end":{"line":17,"column":3}},"loc":{"start":{"line":17,"column":39},"end":{"line":30,"column":3}},"line":17}},"branchMap":{"0":{"loc":{"start":{"line":21,"column":4},"end":{"line":23,"column":5}},"type":"if","locations":[{"start":{"line":21,"column":4},"end":{"line":23,"column":5}},{"start":{"line":21,"column":4},"end":{"line":23,"column":5}}],"line":21},"1":{"loc":{"start":{"line":24,"column":4},"end":{"line":26,"column":5}},"type":"if","locations":[{"start":{"line":24,"column":4},"end":{"line":26,"column":5}},{"start":{"line":24,"column":4},"end":{"line":26,"column":5}}],"line":24},"2":{"loc":{"start":{"line":27,"column":4},"end":{"line":29,"column":5}},"type":"if","locations":[{"start":{"line":27,"column":4},"end":{"line":29,"column":5}},{"start":{"line":27,"column":4},"end":{"line":29,"column":5}}],"line":27}},"s":{"0":54,"1":54,"2":54,"3":54,"4":5,"5":49,"6":2,"7":47,"8":1},"f":{"0":54},"b":{"0":[5,49],"1":[2,47],"2":[1,46]},"_coverageSchema":"43e27e138ebf9cfc5966b082cf9a028302ed4184","hash":"cc2de069d29f6e5a600007f70b01888f5b218cea"}
,"/Users/cagataycali/Desktop/case/src/models/index.js": {"path":"/Users/cagataycali/Desktop/case/src/models/index.js","statementMap":{},"fnMap":{},"branchMap":{},"s":{},"f":{},"b":{},"_coverageSchema":"43e27e138ebf9cfc5966b082cf9a028302ed4184","hash":"0f76f4ca5f125ce0dac36bc4c003c24f05080635"}
}
