TN:
SF:/Users/cagataycali/Desktop/case/src/helpers.js
FN:12,(anonymous_0)
FN:27,(anonymous_1)
FN:35,(anonymous_2)
FN:43,(anonymous_3)
FN:50,(anonymous_4)
FNF:5
FNH:5
FNDA:40,(anonymous_0)
FNDA:12,(anonymous_1)
FNDA:107,(anonymous_2)
FNDA:52,(anonymous_3)
FNDA:50,(anonymous_4)
DA:12,9
DA:13,40
DA:27,9
DA:28,12
DA:35,9
DA:36,107
DA:43,9
DA:44,52
DA:50,9
DA:51,50
DA:54,9
LF:11
LH:11
BRDA:28,0,0,3
BRDA:28,0,1,9
BRDA:36,1,0,107
BRDA:36,1,1,102
BRDA:44,2,0,52
BRDA:44,2,1,51
BRDA:51,3,0,50
BRDA:51,3,1,49
BRF:8
BRH:8
end_of_record
TN:
SF:/Users/cagataycali/Desktop/case/src/models/Campaign.js
FN:23,(anonymous_0)
FN:41,(anonymous_1)
FNF:2
FNH:2
FNDA:16,(anonymous_0)
FNDA:37,(anonymous_1)
DA:24,16
DA:25,16
DA:26,2
DA:29,14
DA:33,14
DA:34,14
DA:42,37
DA:43,1
DA:44,1
DA:55,36
LF:10
LH:10
BRDA:23,0,0,1
BRDA:25,1,0,2
BRDA:25,1,1,14
BRDA:25,2,0,16
BRDA:25,2,1,14
BRDA:29,3,0,1
BRDA:29,3,1,13
BRDA:29,4,0,14
BRDA:29,4,1,9
BRDA:42,5,0,1
BRDA:42,5,1,36
BRF:11
BRH:11
end_of_record
TN:
SF:/Users/cagataycali/Desktop/case/src/models/Cart.js
FN:15,(anonymous_0)
FN:37,(anonymous_1)
FN:38,(anonymous_2)
FN:60,(anonymous_3)
FN:61,(anonymous_4)
FN:71,(anonymous_5)
FN:74,(anonymous_6)
FN:80,findParent
FN:110,(anonymous_8)
FN:123,(anonymous_9)
FN:133,(anonymous_10)
FN:135,(anonymous_11)
FN:177,(anonymous_12)
FN:198,(anonymous_13)
FN:199,(anonymous_14)
FNF:15
FNH:15
FNDA:20,(anonymous_0)
FNDA:27,(anonymous_1)
FNDA:8,(anonymous_2)
FNDA:1,(anonymous_3)
FNDA:1,(anonymous_4)
FNDA:13,(anonymous_5)
FNDA:20,(anonymous_6)
FNDA:58,findParent
FNDA:11,(anonymous_8)
FNDA:12,(anonymous_9)
FNDA:34,(anonymous_10)
FNDA:51,(anonymous_11)
FNDA:5,(anonymous_12)
FNDA:1,(anonymous_13)
FNDA:2,(anonymous_14)
DA:16,20
DA:17,20
DA:18,20
DA:19,20
DA:20,20
DA:38,27
DA:40,27
DA:41,24
DA:42,3
DA:43,1
DA:44,1
DA:46,2
DA:61,1
DA:63,1
DA:72,13
DA:74,13
DA:78,20
DA:81,58
DA:84,58
DA:85,38
DA:88,20
DA:91,13
DA:111,11
DA:112,11
DA:113,1
DA:116,10
DA:117,1
DA:121,9
DA:123,9
DA:124,12
DA:125,12
DA:126,12
DA:133,12
DA:135,51
DA:137,34
DA:138,34
DA:140,13
DA:143,13
DA:144,9
DA:145,9
DA:146,9
DA:150,34
DA:151,22
DA:155,12
DA:157,12
DA:158,12
DA:159,12
DA:160,12
DA:178,5
DA:180,5
DA:181,1
DA:183,4
DA:184,3
DA:185,3
DA:186,3
DA:188,1
DA:189,1
DA:199,2
LF:58
LH:58
BRDA:15,0,0,20
BRDA:40,1,0,24
BRDA:40,1,1,3
BRDA:42,2,0,1
BRDA:42,2,1,2
BRDA:42,3,0,3
BRDA:42,3,1,2
BRDA:82,4,0,58
BRDA:82,4,1,41
BRDA:84,5,0,38
BRDA:84,5,1,20
BRDA:112,6,0,1
BRDA:112,6,1,10
BRDA:116,7,0,1
BRDA:116,7,1,9
BRDA:138,8,0,13
BRDA:138,8,1,21
BRDA:138,9,0,34
BRDA:138,9,1,18
BRDA:143,10,0,9
BRDA:143,10,1,4
BRDA:150,11,0,22
BRDA:150,11,1,12
BRDA:180,12,0,1
BRDA:180,12,1,4
BRDA:183,13,0,3
BRDA:183,13,1,1
BRF:27
BRH:27
end_of_record
TN:
SF:/Users/cagataycali/Desktop/case/src/models/CartHelper.js
FN:12,(anonymous_0)
FN:25,(anonymous_1)
FN:27,(anonymous_2)
FN:37,(anonymous_3)
FN:39,(anonymous_4)
FN:43,(anonymous_5)
FN:50,(anonymous_6)
FN:52,(anonymous_7)
FNF:8
FNH:8
FNDA:20,(anonymous_0)
FNDA:1,(anonymous_1)
FNDA:1,(anonymous_2)
FNDA:7,(anonymous_3)
FNDA:10,(anonymous_4)
FNDA:1,(anonymous_5)
FNDA:2,(anonymous_6)
FNDA:3,(anonymous_7)
DA:13,20
DA:14,20
DA:15,20
DA:16,20
DA:26,1
DA:27,1
DA:28,1
DA:38,7
DA:39,10
DA:40,7
DA:44,1
DA:51,2
DA:52,2
DA:53,3
DA:54,3
DA:56,2
LF:16
LH:16
BRDA:54,0,0,3
BRDA:54,0,1,3
BRF:2
BRH:2
end_of_record
TN:
SF:/Users/cagataycali/Desktop/case/src/models/CartProduct.js
FN:13,(anonymous_0)
FN:38,(anonymous_1)
FN:53,(anonymous_2)
FNF:3
FNH:3
FNDA:31,(anonymous_0)
FNDA:4,(anonymous_1)
FNDA:7,(anonymous_2)
DA:14,31
DA:15,2
DA:17,29
DA:19,29
DA:20,1
DA:22,28
DA:23,1
DA:24,1
DA:27,27
DA:28,27
DA:29,27
DA:30,27
DA:39,4
DA:40,1
DA:43,3
DA:44,3
DA:45,3
DA:46,1
DA:54,7
LF:19
LH:19
BRDA:13,0,0,2
BRDA:14,1,0,2
BRDA:14,1,1,29
BRDA:14,2,0,31
BRDA:14,2,1,30
BRDA:19,3,0,1
BRDA:19,3,1,28
BRDA:22,4,0,1
BRDA:22,4,1,27
BRDA:39,5,0,1
BRDA:39,5,1,3
BRDA:45,6,0,1
BRDA:45,6,1,2
BRF:13
BRH:13
end_of_record
TN:
SF:/Users/cagataycali/Desktop/case/src/models/Category.js
FN:20,(anonymous_0)
FNF:1
FNH:1
FNDA:49,(anonymous_0)
DA:21,49
DA:22,5
DA:25,44
DA:26,44
DA:27,44
LF:5
LH:5
BRDA:20,0,0,41
BRDA:21,1,0,5
BRDA:21,1,1,44
BRF:3
BRH:3
end_of_record
TN:
SF:/Users/cagataycali/Desktop/case/src/models/Coupon.js
FN:20,(anonymous_0)
FN:38,(anonymous_1)
FNF:2
FNH:2
FNDA:8,(anonymous_0)
FNDA:7,(anonymous_1)
DA:21,8
DA:22,2
DA:25,6
DA:26,1
DA:28,6
DA:29,6
DA:30,6
DA:31,6
DA:39,7
DA:40,1
DA:41,1
DA:43,6
LF:12
LH:12
BRDA:21,0,0,2
BRDA:21,0,1,6
BRDA:21,1,0,8
BRDA:21,1,1,7
BRDA:25,2,0,1
BRDA:25,2,1,5
BRDA:25,3,0,6
BRDA:25,3,1,2
BRDA:39,4,0,1
BRDA:39,4,1,6
BRF:10
BRH:10
end_of_record
TN:
SF:/Users/cagataycali/Desktop/case/src/models/Product.js
FN:17,(anonymous_0)
FNF:1
FNH:1
FNDA:54,(anonymous_0)
DA:18,54
DA:19,54
DA:20,54
DA:21,54
DA:22,5
DA:24,49
DA:25,2
DA:27,47
DA:28,1
LF:9
LH:9
BRDA:21,0,0,5
BRDA:21,0,1,49
BRDA:24,1,0,2
BRDA:24,1,1,47
BRDA:27,2,0,1
BRDA:27,2,1,46
BRF:6
BRH:6
end_of_record
