TN:
SF:/Users/cagataycali/Desktop/case/src/helpers.js
FN:12,(anonymous_0)
FN:26,(anonymous_1)
FNF:2
FNH:2
FNDA:22,(anonymous_0)
FNDA:7,(anonymous_1)
DA:12,22
DA:26,9
DA:29,9
LF:3
LH:3
BRDA:26,0,0,1
BRDA:26,0,1,6
BRF:2
BRH:2
end_of_record
TN:
SF:/Users/cagataycali/Desktop/case/src/index.js
FNF:0
FNH:0
LF:0
LH:0
BRF:0
BRH:0
end_of_record
TN:
SF:/Users/cagataycali/Desktop/case/src/models/Campaign.js
FN:23,(anonymous_0)
FN:34,(anonymous_1)
FNF:2
FNH:2
FNDA:18,(anonymous_0)
FNDA:18,(anonymous_1)
DA:24,18
DA:25,18
DA:26,18
DA:27,18
DA:35,18
DA:36,1
DA:37,1
DA:39,17
LF:8
LH:8
BRDA:23,0,0,1
BRDA:35,1,0,1
BRDA:35,1,1,17
BRDA:35,2,0,18
BRDA:35,2,1,3
BRF:5
BRH:5
end_of_record
TN:
SF:/Users/cagataycali/Desktop/case/src/models/Cart.js
FN:14,(anonymous_0)
FN:27,(anonymous_1)
FN:28,(anonymous_2)
FN:42,(anonymous_3)
FN:46,(anonymous_4)
FN:57,(anonymous_5)
FN:72,(anonymous_6)
FN:74,findParent
FN:85,(anonymous_8)
FN:95,(anonymous_9)
FN:97,(anonymous_10)
FN:129,(anonymous_11)
FNF:12
FNH:12
FNDA:24,(anonymous_0)
FNDA:33,(anonymous_1)
FNDA:17,(anonymous_2)
FNDA:3,(anonymous_3)
FNDA:4,(anonymous_4)
FNDA:9,(anonymous_5)
FNDA:10,(anonymous_6)
FNDA:17,findParent
FNDA:10,(anonymous_8)
FNDA:17,(anonymous_9)
FNDA:20,(anonymous_10)
FNDA:3,(anonymous_11)
DA:15,24
DA:16,24
DA:17,24
DA:18,24
DA:28,33
DA:30,33
DA:31,28
DA:33,5
DA:43,3
DA:44,1
DA:46,3
DA:48,4
DA:58,9
DA:59,9
DA:60,1
DA:63,8
DA:64,1
DA:71,7
DA:72,7
DA:73,10
DA:75,17
DA:78,17
DA:79,7
DA:82,10
DA:85,7
DA:86,10
DA:87,10
DA:88,10
DA:95,10
DA:97,20
DA:99,17
DA:100,17
DA:102,8
DA:104,8
DA:105,7
DA:106,7
DA:107,7
DA:111,16
DA:112,7
DA:116,10
DA:118,9
DA:119,9
DA:120,9
DA:121,9
DA:130,3
DA:132,3
DA:133,1
DA:135,2
DA:136,1
DA:137,1
DA:139,1
LF:51
LH:51
BRDA:14,0,0,24
BRDA:30,1,0,28
BRDA:30,1,1,5
BRDA:43,2,0,1
BRDA:43,2,1,2
BRDA:59,3,0,1
BRDA:59,3,1,8
BRDA:63,4,0,1
BRDA:63,4,1,7
BRDA:76,5,0,17
BRDA:76,5,1,14
BRDA:78,6,0,7
BRDA:78,6,1,10
BRDA:100,7,0,8
BRDA:100,7,1,8
BRDA:100,8,0,17
BRDA:100,8,1,11
BRDA:102,9,0,7
BRDA:102,9,1,1
BRDA:104,10,0,7
BRDA:104,10,1,1
BRDA:111,11,0,7
BRDA:111,11,1,9
BRDA:130,12,0,3
BRDA:130,12,1,3
BRDA:132,13,0,1
BRDA:132,13,1,2
BRDA:135,14,0,1
BRDA:135,14,1,1
BRF:29
BRH:29
end_of_record
TN:
SF:/Users/cagataycali/Desktop/case/src/models/CartHelper.js
FN:12,(anonymous_0)
FN:22,(anonymous_1)
FN:24,(anonymous_2)
FN:31,(anonymous_3)
FN:33,(anonymous_4)
FN:40,(anonymous_5)
FN:42,(anonymous_6)
FN:54,(anonymous_7)
FN:55,(anonymous_8)
FNF:9
FNH:9
FNDA:24,(anonymous_0)
FNDA:5,(anonymous_1)
FNDA:5,(anonymous_2)
FNDA:4,(anonymous_3)
FNDA:4,(anonymous_4)
FNDA:2,(anonymous_5)
FNDA:3,(anonymous_6)
FNDA:1,(anonymous_7)
FNDA:1,(anonymous_8)
DA:13,24
DA:14,24
DA:15,24
DA:16,24
DA:23,5
DA:24,5
DA:25,5
DA:32,4
DA:33,4
DA:34,4
DA:41,2
DA:42,2
DA:43,3
DA:44,3
DA:46,2
DA:55,1
LF:16
LH:16
BRDA:44,0,0,3
BRDA:44,0,1,3
BRF:2
BRH:2
end_of_record
TN:
SF:/Users/cagataycali/Desktop/case/src/models/CartProduct.js
FN:13,(anonymous_0)
FN:36,(anonymous_1)
FN:51,(anonymous_2)
FNF:3
FNH:3
FNDA:35,(anonymous_0)
FNDA:5,(anonymous_1)
FNDA:5,(anonymous_2)
DA:14,35
DA:15,1
DA:17,34
DA:18,34
DA:19,1
DA:21,33
DA:22,1
DA:23,1
DA:26,32
DA:27,32
DA:28,32
DA:37,5
DA:38,1
DA:41,4
DA:42,4
DA:43,4
DA:44,1
DA:52,5
LF:18
LH:18
BRDA:13,0,0,1
BRDA:14,1,0,1
BRDA:14,1,1,34
BRDA:18,2,0,1
BRDA:18,2,1,33
BRDA:21,3,0,1
BRDA:21,3,1,32
BRDA:37,4,0,1
BRDA:37,4,1,4
BRDA:43,5,0,1
BRDA:43,5,1,3
BRF:11
BRH:11
end_of_record
TN:
SF:/Users/cagataycali/Desktop/case/src/models/Category.js
FN:18,(anonymous_0)
FNF:1
FNH:1
FNDA:79,(anonymous_0)
DA:19,79
DA:20,79
DA:21,79
LF:3
LH:3
BRDA:18,0,0,76
BRDA:18,1,0,76
BRF:2
BRH:2
end_of_record
TN:
SF:/Users/cagataycali/Desktop/case/src/models/Coupon.js
FN:20,(anonymous_0)
FN:30,(anonymous_1)
FNF:2
FNH:2
FNDA:4,(anonymous_0)
FNDA:5,(anonymous_1)
DA:21,4
DA:22,4
DA:23,4
DA:31,5
DA:32,2
DA:33,2
DA:35,3
LF:7
LH:7
BRDA:31,0,0,2
BRDA:31,0,1,3
BRF:2
BRH:2
end_of_record
TN:
SF:/Users/cagataycali/Desktop/case/src/models/Delivery.js
FN:11,(anonymous_0)
FN:21,(anonymous_1)
FNF:2
FNH:2
FNDA:2,(anonymous_0)
FNDA:2,(anonymous_1)
DA:12,2
DA:13,2
DA:14,2
DA:22,2
DA:23,1
DA:25,1
LF:6
LH:6
BRDA:11,0,0,1
BRDA:11,1,0,1
BRDA:11,2,0,1
BRDA:22,3,0,1
BRDA:22,3,1,1
BRF:5
BRH:5
end_of_record
TN:
SF:/Users/cagataycali/Desktop/case/src/models/Product.js
FN:15,(anonymous_0)
FNF:1
FNH:1
FNDA:87,(anonymous_0)
DA:16,87
DA:17,87
DA:18,87
LF:3
LH:3
BRDA:15,0,0,3
BRF:1
BRH:1
end_of_record
TN:
SF:/Users/cagataycali/Desktop/case/src/models/index.js
FNF:0
FNH:0
LF:0
LH:0
BRF:0
BRH:0
end_of_record
